ARM GAS  /var/folders/ym/jy7bf6t92s9b2wkvjmm02l800000gn/T//cc7ApYGS.s 			page 1


   1              		.cpu cortex-m3
   2              		.arch armv7-m
   3              		.fpu softvfp
   4              		.eabi_attribute 20, 1
   5              		.eabi_attribute 21, 1
   6              		.eabi_attribute 23, 3
   7              		.eabi_attribute 24, 1
   8              		.eabi_attribute 25, 1
   9              		.eabi_attribute 26, 1
  10              		.eabi_attribute 30, 1
  11              		.eabi_attribute 34, 1
  12              		.eabi_attribute 18, 4
  13              		.file	"stm32f1xx_hal_exti.c"
  14              		.text
  15              	.Ltext0:
  16              		.cfi_sections	.debug_frame
  17              		.section	.text.HAL_EXTI_SetConfigLine,"ax",%progbits
  18              		.align	1
  19              		.global	HAL_EXTI_SetConfigLine
  20              		.syntax unified
  21              		.thumb
  22              		.thumb_func
  24              	HAL_EXTI_SetConfigLine:
  25              	.LVL0:
  26              	.LFB65:
  27              		.file 1 "Drivers/STM32F1xx_HAL_Driver/Src/stm32f1xx_hal_exti.c"
   1:Drivers/STM32F1xx_HAL_Driver/Src/stm32f1xx_hal_exti.c **** /**
   2:Drivers/STM32F1xx_HAL_Driver/Src/stm32f1xx_hal_exti.c ****   ******************************************************************************
   3:Drivers/STM32F1xx_HAL_Driver/Src/stm32f1xx_hal_exti.c ****   * @file    stm32f1xx_hal_exti.c
   4:Drivers/STM32F1xx_HAL_Driver/Src/stm32f1xx_hal_exti.c ****   * @author  MCD Application Team
   5:Drivers/STM32F1xx_HAL_Driver/Src/stm32f1xx_hal_exti.c ****   * @brief   EXTI HAL module driver.
   6:Drivers/STM32F1xx_HAL_Driver/Src/stm32f1xx_hal_exti.c ****   *          This file provides firmware functions to manage the following
   7:Drivers/STM32F1xx_HAL_Driver/Src/stm32f1xx_hal_exti.c ****   *          functionalities of the Extended Interrupts and events controller (EXTI) peripheral:
   8:Drivers/STM32F1xx_HAL_Driver/Src/stm32f1xx_hal_exti.c ****   *           + Initialization and de-initialization functions
   9:Drivers/STM32F1xx_HAL_Driver/Src/stm32f1xx_hal_exti.c ****   *           + IO operation functions
  10:Drivers/STM32F1xx_HAL_Driver/Src/stm32f1xx_hal_exti.c ****   *
  11:Drivers/STM32F1xx_HAL_Driver/Src/stm32f1xx_hal_exti.c ****   @verbatim
  12:Drivers/STM32F1xx_HAL_Driver/Src/stm32f1xx_hal_exti.c ****   ==============================================================================
  13:Drivers/STM32F1xx_HAL_Driver/Src/stm32f1xx_hal_exti.c ****                     ##### EXTI Peripheral features #####
  14:Drivers/STM32F1xx_HAL_Driver/Src/stm32f1xx_hal_exti.c ****   ==============================================================================
  15:Drivers/STM32F1xx_HAL_Driver/Src/stm32f1xx_hal_exti.c ****   [..]
  16:Drivers/STM32F1xx_HAL_Driver/Src/stm32f1xx_hal_exti.c ****     (+) Each Exti line can be configured within this driver.
  17:Drivers/STM32F1xx_HAL_Driver/Src/stm32f1xx_hal_exti.c **** 
  18:Drivers/STM32F1xx_HAL_Driver/Src/stm32f1xx_hal_exti.c ****     (+) Exti line can be configured in 3 different modes
  19:Drivers/STM32F1xx_HAL_Driver/Src/stm32f1xx_hal_exti.c ****         (++) Interrupt
  20:Drivers/STM32F1xx_HAL_Driver/Src/stm32f1xx_hal_exti.c ****         (++) Event
  21:Drivers/STM32F1xx_HAL_Driver/Src/stm32f1xx_hal_exti.c ****         (++) Both of them
  22:Drivers/STM32F1xx_HAL_Driver/Src/stm32f1xx_hal_exti.c **** 
  23:Drivers/STM32F1xx_HAL_Driver/Src/stm32f1xx_hal_exti.c ****     (+) Configurable Exti lines can be configured with 3 different triggers
  24:Drivers/STM32F1xx_HAL_Driver/Src/stm32f1xx_hal_exti.c ****         (++) Rising
  25:Drivers/STM32F1xx_HAL_Driver/Src/stm32f1xx_hal_exti.c ****         (++) Falling
  26:Drivers/STM32F1xx_HAL_Driver/Src/stm32f1xx_hal_exti.c ****         (++) Both of them
  27:Drivers/STM32F1xx_HAL_Driver/Src/stm32f1xx_hal_exti.c **** 
  28:Drivers/STM32F1xx_HAL_Driver/Src/stm32f1xx_hal_exti.c ****     (+) When set in interrupt mode, configurable Exti lines have two different
  29:Drivers/STM32F1xx_HAL_Driver/Src/stm32f1xx_hal_exti.c ****         interrupts pending registers which allow to distinguish which transition
  30:Drivers/STM32F1xx_HAL_Driver/Src/stm32f1xx_hal_exti.c ****         occurs:
  31:Drivers/STM32F1xx_HAL_Driver/Src/stm32f1xx_hal_exti.c ****         (++) Rising edge pending interrupt
ARM GAS  /var/folders/ym/jy7bf6t92s9b2wkvjmm02l800000gn/T//cc7ApYGS.s 			page 2


  32:Drivers/STM32F1xx_HAL_Driver/Src/stm32f1xx_hal_exti.c ****         (++) Falling
  33:Drivers/STM32F1xx_HAL_Driver/Src/stm32f1xx_hal_exti.c **** 
  34:Drivers/STM32F1xx_HAL_Driver/Src/stm32f1xx_hal_exti.c ****     (+) Exti lines 0 to 15 are linked to gpio pin number 0 to 15. Gpio port can
  35:Drivers/STM32F1xx_HAL_Driver/Src/stm32f1xx_hal_exti.c ****         be selected through multiplexer.
  36:Drivers/STM32F1xx_HAL_Driver/Src/stm32f1xx_hal_exti.c **** 
  37:Drivers/STM32F1xx_HAL_Driver/Src/stm32f1xx_hal_exti.c ****                      ##### How to use this driver #####
  38:Drivers/STM32F1xx_HAL_Driver/Src/stm32f1xx_hal_exti.c ****   ==============================================================================
  39:Drivers/STM32F1xx_HAL_Driver/Src/stm32f1xx_hal_exti.c ****   [..]
  40:Drivers/STM32F1xx_HAL_Driver/Src/stm32f1xx_hal_exti.c **** 
  41:Drivers/STM32F1xx_HAL_Driver/Src/stm32f1xx_hal_exti.c ****     (#) Configure the EXTI line using HAL_EXTI_SetConfigLine().
  42:Drivers/STM32F1xx_HAL_Driver/Src/stm32f1xx_hal_exti.c ****         (++) Choose the interrupt line number by setting "Line" member from
  43:Drivers/STM32F1xx_HAL_Driver/Src/stm32f1xx_hal_exti.c ****              EXTI_ConfigTypeDef structure.
  44:Drivers/STM32F1xx_HAL_Driver/Src/stm32f1xx_hal_exti.c ****         (++) Configure the interrupt and/or event mode using "Mode" member from
  45:Drivers/STM32F1xx_HAL_Driver/Src/stm32f1xx_hal_exti.c ****              EXTI_ConfigTypeDef structure.
  46:Drivers/STM32F1xx_HAL_Driver/Src/stm32f1xx_hal_exti.c ****         (++) For configurable lines, configure rising and/or falling trigger
  47:Drivers/STM32F1xx_HAL_Driver/Src/stm32f1xx_hal_exti.c ****              "Trigger" member from EXTI_ConfigTypeDef structure.
  48:Drivers/STM32F1xx_HAL_Driver/Src/stm32f1xx_hal_exti.c ****         (++) For Exti lines linked to gpio, choose gpio port using "GPIOSel"
  49:Drivers/STM32F1xx_HAL_Driver/Src/stm32f1xx_hal_exti.c ****              member from GPIO_InitTypeDef structure.
  50:Drivers/STM32F1xx_HAL_Driver/Src/stm32f1xx_hal_exti.c **** 
  51:Drivers/STM32F1xx_HAL_Driver/Src/stm32f1xx_hal_exti.c ****     (#) Get current Exti configuration of a dedicated line using
  52:Drivers/STM32F1xx_HAL_Driver/Src/stm32f1xx_hal_exti.c ****         HAL_EXTI_GetConfigLine().
  53:Drivers/STM32F1xx_HAL_Driver/Src/stm32f1xx_hal_exti.c ****         (++) Provide exiting handle as parameter.
  54:Drivers/STM32F1xx_HAL_Driver/Src/stm32f1xx_hal_exti.c ****         (++) Provide pointer on EXTI_ConfigTypeDef structure as second parameter.
  55:Drivers/STM32F1xx_HAL_Driver/Src/stm32f1xx_hal_exti.c **** 
  56:Drivers/STM32F1xx_HAL_Driver/Src/stm32f1xx_hal_exti.c ****     (#) Clear Exti configuration of a dedicated line using HAL_EXTI_GetConfigLine().
  57:Drivers/STM32F1xx_HAL_Driver/Src/stm32f1xx_hal_exti.c ****         (++) Provide exiting handle as parameter.
  58:Drivers/STM32F1xx_HAL_Driver/Src/stm32f1xx_hal_exti.c **** 
  59:Drivers/STM32F1xx_HAL_Driver/Src/stm32f1xx_hal_exti.c ****     (#) Register callback to treat Exti interrupts using HAL_EXTI_RegisterCallback().
  60:Drivers/STM32F1xx_HAL_Driver/Src/stm32f1xx_hal_exti.c ****         (++) Provide exiting handle as first parameter.
  61:Drivers/STM32F1xx_HAL_Driver/Src/stm32f1xx_hal_exti.c ****         (++) Provide which callback will be registered using one value from
  62:Drivers/STM32F1xx_HAL_Driver/Src/stm32f1xx_hal_exti.c ****              EXTI_CallbackIDTypeDef.
  63:Drivers/STM32F1xx_HAL_Driver/Src/stm32f1xx_hal_exti.c ****         (++) Provide callback function pointer.
  64:Drivers/STM32F1xx_HAL_Driver/Src/stm32f1xx_hal_exti.c **** 
  65:Drivers/STM32F1xx_HAL_Driver/Src/stm32f1xx_hal_exti.c ****     (#) Get interrupt pending bit using HAL_EXTI_GetPending().
  66:Drivers/STM32F1xx_HAL_Driver/Src/stm32f1xx_hal_exti.c **** 
  67:Drivers/STM32F1xx_HAL_Driver/Src/stm32f1xx_hal_exti.c ****     (#) Clear interrupt pending bit using HAL_EXTI_GetPending().
  68:Drivers/STM32F1xx_HAL_Driver/Src/stm32f1xx_hal_exti.c **** 
  69:Drivers/STM32F1xx_HAL_Driver/Src/stm32f1xx_hal_exti.c ****     (#) Generate software interrupt using HAL_EXTI_GenerateSWI().
  70:Drivers/STM32F1xx_HAL_Driver/Src/stm32f1xx_hal_exti.c **** 
  71:Drivers/STM32F1xx_HAL_Driver/Src/stm32f1xx_hal_exti.c ****   @endverbatim
  72:Drivers/STM32F1xx_HAL_Driver/Src/stm32f1xx_hal_exti.c ****   ******************************************************************************
  73:Drivers/STM32F1xx_HAL_Driver/Src/stm32f1xx_hal_exti.c ****   * @attention
  74:Drivers/STM32F1xx_HAL_Driver/Src/stm32f1xx_hal_exti.c ****   *
  75:Drivers/STM32F1xx_HAL_Driver/Src/stm32f1xx_hal_exti.c ****   * <h2><center>&copy; Copyright (c) 2019 STMicroelectronics.
  76:Drivers/STM32F1xx_HAL_Driver/Src/stm32f1xx_hal_exti.c ****   * All rights reserved.</center></h2>
  77:Drivers/STM32F1xx_HAL_Driver/Src/stm32f1xx_hal_exti.c ****   *
  78:Drivers/STM32F1xx_HAL_Driver/Src/stm32f1xx_hal_exti.c ****   * This software component is licensed by ST under BSD 3-Clause license,
  79:Drivers/STM32F1xx_HAL_Driver/Src/stm32f1xx_hal_exti.c ****   * the "License"; You may not use this file except in compliance with the
  80:Drivers/STM32F1xx_HAL_Driver/Src/stm32f1xx_hal_exti.c ****   * License. You may obtain a copy of the License at:
  81:Drivers/STM32F1xx_HAL_Driver/Src/stm32f1xx_hal_exti.c ****   *                        opensource.org/licenses/BSD-3-Clause
  82:Drivers/STM32F1xx_HAL_Driver/Src/stm32f1xx_hal_exti.c ****   *
  83:Drivers/STM32F1xx_HAL_Driver/Src/stm32f1xx_hal_exti.c ****   ******************************************************************************
  84:Drivers/STM32F1xx_HAL_Driver/Src/stm32f1xx_hal_exti.c ****   */
  85:Drivers/STM32F1xx_HAL_Driver/Src/stm32f1xx_hal_exti.c **** 
  86:Drivers/STM32F1xx_HAL_Driver/Src/stm32f1xx_hal_exti.c **** /* Includes ------------------------------------------------------------------*/
  87:Drivers/STM32F1xx_HAL_Driver/Src/stm32f1xx_hal_exti.c **** #include "stm32f1xx_hal.h"
  88:Drivers/STM32F1xx_HAL_Driver/Src/stm32f1xx_hal_exti.c **** 
ARM GAS  /var/folders/ym/jy7bf6t92s9b2wkvjmm02l800000gn/T//cc7ApYGS.s 			page 3


  89:Drivers/STM32F1xx_HAL_Driver/Src/stm32f1xx_hal_exti.c **** /** @addtogroup STM32F1xx_HAL_Driver
  90:Drivers/STM32F1xx_HAL_Driver/Src/stm32f1xx_hal_exti.c ****   * @{
  91:Drivers/STM32F1xx_HAL_Driver/Src/stm32f1xx_hal_exti.c ****   */
  92:Drivers/STM32F1xx_HAL_Driver/Src/stm32f1xx_hal_exti.c **** 
  93:Drivers/STM32F1xx_HAL_Driver/Src/stm32f1xx_hal_exti.c **** /** @addtogroup EXTI
  94:Drivers/STM32F1xx_HAL_Driver/Src/stm32f1xx_hal_exti.c ****   * @{
  95:Drivers/STM32F1xx_HAL_Driver/Src/stm32f1xx_hal_exti.c ****   */
  96:Drivers/STM32F1xx_HAL_Driver/Src/stm32f1xx_hal_exti.c **** /** MISRA C:2012 deviation rule has been granted for following rule:
  97:Drivers/STM32F1xx_HAL_Driver/Src/stm32f1xx_hal_exti.c ****   * Rule-18.1_b - Medium: Array `EXTICR' 1st subscript interval [0,7] may be out
  98:Drivers/STM32F1xx_HAL_Driver/Src/stm32f1xx_hal_exti.c ****   * of bounds [0,3] in following API :
  99:Drivers/STM32F1xx_HAL_Driver/Src/stm32f1xx_hal_exti.c ****   * HAL_EXTI_SetConfigLine
 100:Drivers/STM32F1xx_HAL_Driver/Src/stm32f1xx_hal_exti.c ****   * HAL_EXTI_GetConfigLine
 101:Drivers/STM32F1xx_HAL_Driver/Src/stm32f1xx_hal_exti.c ****   * HAL_EXTI_ClearConfigLine
 102:Drivers/STM32F1xx_HAL_Driver/Src/stm32f1xx_hal_exti.c ****   */
 103:Drivers/STM32F1xx_HAL_Driver/Src/stm32f1xx_hal_exti.c **** 
 104:Drivers/STM32F1xx_HAL_Driver/Src/stm32f1xx_hal_exti.c **** #ifdef HAL_EXTI_MODULE_ENABLED
 105:Drivers/STM32F1xx_HAL_Driver/Src/stm32f1xx_hal_exti.c **** 
 106:Drivers/STM32F1xx_HAL_Driver/Src/stm32f1xx_hal_exti.c **** /* Private typedef -----------------------------------------------------------*/
 107:Drivers/STM32F1xx_HAL_Driver/Src/stm32f1xx_hal_exti.c **** /* Private defines -----------------------------------------------------------*/
 108:Drivers/STM32F1xx_HAL_Driver/Src/stm32f1xx_hal_exti.c **** /** @defgroup EXTI_Private_Constants EXTI Private Constants
 109:Drivers/STM32F1xx_HAL_Driver/Src/stm32f1xx_hal_exti.c ****   * @{
 110:Drivers/STM32F1xx_HAL_Driver/Src/stm32f1xx_hal_exti.c ****   */
 111:Drivers/STM32F1xx_HAL_Driver/Src/stm32f1xx_hal_exti.c **** 
 112:Drivers/STM32F1xx_HAL_Driver/Src/stm32f1xx_hal_exti.c **** /**
 113:Drivers/STM32F1xx_HAL_Driver/Src/stm32f1xx_hal_exti.c ****   * @}
 114:Drivers/STM32F1xx_HAL_Driver/Src/stm32f1xx_hal_exti.c ****   */
 115:Drivers/STM32F1xx_HAL_Driver/Src/stm32f1xx_hal_exti.c **** 
 116:Drivers/STM32F1xx_HAL_Driver/Src/stm32f1xx_hal_exti.c **** /* Private macros ------------------------------------------------------------*/
 117:Drivers/STM32F1xx_HAL_Driver/Src/stm32f1xx_hal_exti.c **** /* Private variables ---------------------------------------------------------*/
 118:Drivers/STM32F1xx_HAL_Driver/Src/stm32f1xx_hal_exti.c **** /* Private function prototypes -----------------------------------------------*/
 119:Drivers/STM32F1xx_HAL_Driver/Src/stm32f1xx_hal_exti.c **** /* Exported functions --------------------------------------------------------*/
 120:Drivers/STM32F1xx_HAL_Driver/Src/stm32f1xx_hal_exti.c **** 
 121:Drivers/STM32F1xx_HAL_Driver/Src/stm32f1xx_hal_exti.c **** /** @addtogroup EXTI_Exported_Functions
 122:Drivers/STM32F1xx_HAL_Driver/Src/stm32f1xx_hal_exti.c ****   * @{
 123:Drivers/STM32F1xx_HAL_Driver/Src/stm32f1xx_hal_exti.c ****   */
 124:Drivers/STM32F1xx_HAL_Driver/Src/stm32f1xx_hal_exti.c **** 
 125:Drivers/STM32F1xx_HAL_Driver/Src/stm32f1xx_hal_exti.c **** /** @addtogroup EXTI_Exported_Functions_Group1
 126:Drivers/STM32F1xx_HAL_Driver/Src/stm32f1xx_hal_exti.c ****   *  @brief    Configuration functions
 127:Drivers/STM32F1xx_HAL_Driver/Src/stm32f1xx_hal_exti.c ****   *
 128:Drivers/STM32F1xx_HAL_Driver/Src/stm32f1xx_hal_exti.c **** @verbatim
 129:Drivers/STM32F1xx_HAL_Driver/Src/stm32f1xx_hal_exti.c ****  ===============================================================================
 130:Drivers/STM32F1xx_HAL_Driver/Src/stm32f1xx_hal_exti.c ****               ##### Configuration functions #####
 131:Drivers/STM32F1xx_HAL_Driver/Src/stm32f1xx_hal_exti.c ****  ===============================================================================
 132:Drivers/STM32F1xx_HAL_Driver/Src/stm32f1xx_hal_exti.c **** 
 133:Drivers/STM32F1xx_HAL_Driver/Src/stm32f1xx_hal_exti.c **** @endverbatim
 134:Drivers/STM32F1xx_HAL_Driver/Src/stm32f1xx_hal_exti.c ****   * @{
 135:Drivers/STM32F1xx_HAL_Driver/Src/stm32f1xx_hal_exti.c ****   */
 136:Drivers/STM32F1xx_HAL_Driver/Src/stm32f1xx_hal_exti.c **** 
 137:Drivers/STM32F1xx_HAL_Driver/Src/stm32f1xx_hal_exti.c **** /**
 138:Drivers/STM32F1xx_HAL_Driver/Src/stm32f1xx_hal_exti.c ****   * @brief  Set configuration of a dedicated Exti line.
 139:Drivers/STM32F1xx_HAL_Driver/Src/stm32f1xx_hal_exti.c ****   * @param  hexti Exti handle.
 140:Drivers/STM32F1xx_HAL_Driver/Src/stm32f1xx_hal_exti.c ****   * @param  pExtiConfig Pointer on EXTI configuration to be set.
 141:Drivers/STM32F1xx_HAL_Driver/Src/stm32f1xx_hal_exti.c ****   * @retval HAL Status.
 142:Drivers/STM32F1xx_HAL_Driver/Src/stm32f1xx_hal_exti.c ****   */
 143:Drivers/STM32F1xx_HAL_Driver/Src/stm32f1xx_hal_exti.c **** HAL_StatusTypeDef HAL_EXTI_SetConfigLine(EXTI_HandleTypeDef *hexti, EXTI_ConfigTypeDef *pExtiConfig
 144:Drivers/STM32F1xx_HAL_Driver/Src/stm32f1xx_hal_exti.c **** {
  28              		.loc 1 144 1 view -0
ARM GAS  /var/folders/ym/jy7bf6t92s9b2wkvjmm02l800000gn/T//cc7ApYGS.s 			page 4


  29              		.cfi_startproc
  30              		@ args = 0, pretend = 0, frame = 0
  31              		@ frame_needed = 0, uses_anonymous_args = 0
  32              		@ link register save eliminated.
 145:Drivers/STM32F1xx_HAL_Driver/Src/stm32f1xx_hal_exti.c ****   uint32_t regval;
  33              		.loc 1 145 3 view .LVU1
 146:Drivers/STM32F1xx_HAL_Driver/Src/stm32f1xx_hal_exti.c ****   uint32_t linepos;
  34              		.loc 1 146 3 view .LVU2
 147:Drivers/STM32F1xx_HAL_Driver/Src/stm32f1xx_hal_exti.c ****   uint32_t maskline;
  35              		.loc 1 147 3 view .LVU3
 148:Drivers/STM32F1xx_HAL_Driver/Src/stm32f1xx_hal_exti.c **** 
 149:Drivers/STM32F1xx_HAL_Driver/Src/stm32f1xx_hal_exti.c ****   /* Check null pointer */
 150:Drivers/STM32F1xx_HAL_Driver/Src/stm32f1xx_hal_exti.c ****   if ((hexti == NULL) || (pExtiConfig == NULL))
  36              		.loc 1 150 3 view .LVU4
  37              		.loc 1 150 6 is_stmt 0 view .LVU5
  38 0000 0028     		cmp	r0, #0
  39 0002 60D0     		beq	.L11
  40              		.loc 1 150 23 discriminator 1 view .LVU6
  41 0004 0029     		cmp	r1, #0
  42 0006 60D0     		beq	.L12
 144:Drivers/STM32F1xx_HAL_Driver/Src/stm32f1xx_hal_exti.c ****   uint32_t regval;
  43              		.loc 1 144 1 view .LVU7
  44 0008 70B4     		push	{r4, r5, r6}
  45              	.LCFI0:
  46              		.cfi_def_cfa_offset 12
  47              		.cfi_offset 4, -12
  48              		.cfi_offset 5, -8
  49              		.cfi_offset 6, -4
 151:Drivers/STM32F1xx_HAL_Driver/Src/stm32f1xx_hal_exti.c ****   {
 152:Drivers/STM32F1xx_HAL_Driver/Src/stm32f1xx_hal_exti.c ****     return HAL_ERROR;
 153:Drivers/STM32F1xx_HAL_Driver/Src/stm32f1xx_hal_exti.c ****   }
 154:Drivers/STM32F1xx_HAL_Driver/Src/stm32f1xx_hal_exti.c **** 
 155:Drivers/STM32F1xx_HAL_Driver/Src/stm32f1xx_hal_exti.c ****   /* Check parameters */
 156:Drivers/STM32F1xx_HAL_Driver/Src/stm32f1xx_hal_exti.c ****   assert_param(IS_EXTI_LINE(pExtiConfig->Line));
  50              		.loc 1 156 3 is_stmt 1 view .LVU8
 157:Drivers/STM32F1xx_HAL_Driver/Src/stm32f1xx_hal_exti.c ****   assert_param(IS_EXTI_MODE(pExtiConfig->Mode));
  51              		.loc 1 157 3 view .LVU9
 158:Drivers/STM32F1xx_HAL_Driver/Src/stm32f1xx_hal_exti.c **** 
 159:Drivers/STM32F1xx_HAL_Driver/Src/stm32f1xx_hal_exti.c ****   /* Assign line number to handle */
 160:Drivers/STM32F1xx_HAL_Driver/Src/stm32f1xx_hal_exti.c ****   hexti->Line = pExtiConfig->Line;
  52              		.loc 1 160 3 view .LVU10
  53              		.loc 1 160 28 is_stmt 0 view .LVU11
  54 000a 0B68     		ldr	r3, [r1]
  55              		.loc 1 160 15 view .LVU12
  56 000c 0360     		str	r3, [r0]
 161:Drivers/STM32F1xx_HAL_Driver/Src/stm32f1xx_hal_exti.c **** 
 162:Drivers/STM32F1xx_HAL_Driver/Src/stm32f1xx_hal_exti.c ****   /* Compute line mask */
 163:Drivers/STM32F1xx_HAL_Driver/Src/stm32f1xx_hal_exti.c ****   linepos = (pExtiConfig->Line & EXTI_PIN_MASK);
  57              		.loc 1 163 3 is_stmt 1 view .LVU13
  58              		.loc 1 163 11 is_stmt 0 view .LVU14
  59 000e 03F01F02 		and	r2, r3, #31
  60              	.LVL1:
 164:Drivers/STM32F1xx_HAL_Driver/Src/stm32f1xx_hal_exti.c ****   maskline = (1uL << linepos);
  61              		.loc 1 164 3 is_stmt 1 view .LVU15
  62              		.loc 1 164 12 is_stmt 0 view .LVU16
  63 0012 0120     		movs	r0, #1
  64              	.LVL2:
ARM GAS  /var/folders/ym/jy7bf6t92s9b2wkvjmm02l800000gn/T//cc7ApYGS.s 			page 5


  65              		.loc 1 164 12 view .LVU17
  66 0014 9040     		lsls	r0, r0, r2
  67              	.LVL3:
 165:Drivers/STM32F1xx_HAL_Driver/Src/stm32f1xx_hal_exti.c **** 
 166:Drivers/STM32F1xx_HAL_Driver/Src/stm32f1xx_hal_exti.c ****   /* Configure triggers for configurable lines */
 167:Drivers/STM32F1xx_HAL_Driver/Src/stm32f1xx_hal_exti.c ****   if ((pExtiConfig->Line & EXTI_CONFIG) != 0x00u)
  68              		.loc 1 167 3 is_stmt 1 view .LVU18
  69              		.loc 1 167 6 is_stmt 0 view .LVU19
  70 0016 13F0007F 		tst	r3, #33554432
  71 001a 15D0     		beq	.L3
 168:Drivers/STM32F1xx_HAL_Driver/Src/stm32f1xx_hal_exti.c ****   {
 169:Drivers/STM32F1xx_HAL_Driver/Src/stm32f1xx_hal_exti.c ****     assert_param(IS_EXTI_TRIGGER(pExtiConfig->Trigger));
  72              		.loc 1 169 5 is_stmt 1 view .LVU20
 170:Drivers/STM32F1xx_HAL_Driver/Src/stm32f1xx_hal_exti.c **** 
 171:Drivers/STM32F1xx_HAL_Driver/Src/stm32f1xx_hal_exti.c ****     /* Configure rising trigger */
 172:Drivers/STM32F1xx_HAL_Driver/Src/stm32f1xx_hal_exti.c ****     /* Mask or set line */
 173:Drivers/STM32F1xx_HAL_Driver/Src/stm32f1xx_hal_exti.c ****     if ((pExtiConfig->Trigger & EXTI_TRIGGER_RISING) != 0x00u)
  73              		.loc 1 173 5 view .LVU21
  74              		.loc 1 173 8 is_stmt 0 view .LVU22
  75 001c 8C68     		ldr	r4, [r1, #8]
  76 001e 14F0010F 		tst	r4, #1
  77 0022 24D0     		beq	.L4
 174:Drivers/STM32F1xx_HAL_Driver/Src/stm32f1xx_hal_exti.c ****     {
 175:Drivers/STM32F1xx_HAL_Driver/Src/stm32f1xx_hal_exti.c ****       EXTI->RTSR |= maskline;
  78              		.loc 1 175 7 is_stmt 1 view .LVU23
  79              		.loc 1 175 18 is_stmt 0 view .LVU24
  80 0024 2A4D     		ldr	r5, .L18
  81 0026 AC68     		ldr	r4, [r5, #8]
  82 0028 0443     		orrs	r4, r4, r0
  83 002a AC60     		str	r4, [r5, #8]
  84              	.L5:
 176:Drivers/STM32F1xx_HAL_Driver/Src/stm32f1xx_hal_exti.c ****     }
 177:Drivers/STM32F1xx_HAL_Driver/Src/stm32f1xx_hal_exti.c ****     else
 178:Drivers/STM32F1xx_HAL_Driver/Src/stm32f1xx_hal_exti.c ****     {
 179:Drivers/STM32F1xx_HAL_Driver/Src/stm32f1xx_hal_exti.c ****       EXTI->RTSR &= ~maskline;
 180:Drivers/STM32F1xx_HAL_Driver/Src/stm32f1xx_hal_exti.c ****     }
 181:Drivers/STM32F1xx_HAL_Driver/Src/stm32f1xx_hal_exti.c **** 
 182:Drivers/STM32F1xx_HAL_Driver/Src/stm32f1xx_hal_exti.c ****     /* Configure falling trigger */
 183:Drivers/STM32F1xx_HAL_Driver/Src/stm32f1xx_hal_exti.c ****     /* Mask or set line */
 184:Drivers/STM32F1xx_HAL_Driver/Src/stm32f1xx_hal_exti.c ****     if ((pExtiConfig->Trigger & EXTI_TRIGGER_FALLING) != 0x00u)
  85              		.loc 1 184 5 is_stmt 1 view .LVU25
  86              		.loc 1 184 8 is_stmt 0 view .LVU26
  87 002c 8C68     		ldr	r4, [r1, #8]
  88 002e 14F0020F 		tst	r4, #2
  89 0032 22D0     		beq	.L6
 185:Drivers/STM32F1xx_HAL_Driver/Src/stm32f1xx_hal_exti.c ****     {
 186:Drivers/STM32F1xx_HAL_Driver/Src/stm32f1xx_hal_exti.c ****       EXTI->FTSR |= maskline;
  90              		.loc 1 186 7 is_stmt 1 view .LVU27
  91              		.loc 1 186 18 is_stmt 0 view .LVU28
  92 0034 264D     		ldr	r5, .L18
  93 0036 EC68     		ldr	r4, [r5, #12]
  94 0038 0443     		orrs	r4, r4, r0
  95 003a EC60     		str	r4, [r5, #12]
  96              	.L7:
 187:Drivers/STM32F1xx_HAL_Driver/Src/stm32f1xx_hal_exti.c ****     }
 188:Drivers/STM32F1xx_HAL_Driver/Src/stm32f1xx_hal_exti.c ****     else
 189:Drivers/STM32F1xx_HAL_Driver/Src/stm32f1xx_hal_exti.c ****     {
ARM GAS  /var/folders/ym/jy7bf6t92s9b2wkvjmm02l800000gn/T//cc7ApYGS.s 			page 6


 190:Drivers/STM32F1xx_HAL_Driver/Src/stm32f1xx_hal_exti.c ****       EXTI->FTSR &= ~maskline;
 191:Drivers/STM32F1xx_HAL_Driver/Src/stm32f1xx_hal_exti.c ****     }
 192:Drivers/STM32F1xx_HAL_Driver/Src/stm32f1xx_hal_exti.c **** 
 193:Drivers/STM32F1xx_HAL_Driver/Src/stm32f1xx_hal_exti.c **** 
 194:Drivers/STM32F1xx_HAL_Driver/Src/stm32f1xx_hal_exti.c ****     /* Configure gpio port selection in case of gpio exti line */
 195:Drivers/STM32F1xx_HAL_Driver/Src/stm32f1xx_hal_exti.c ****     if ((pExtiConfig->Line & EXTI_GPIO) == EXTI_GPIO)
  97              		.loc 1 195 5 is_stmt 1 view .LVU29
  98              		.loc 1 195 28 is_stmt 0 view .LVU30
  99 003c 0C68     		ldr	r4, [r1]
 100 003e 04F0C06C 		and	ip, r4, #100663296
 101              		.loc 1 195 8 view .LVU31
 102 0042 BCF1C06F 		cmp	ip, #100663296
 103 0046 1ED0     		beq	.L17
 104              	.LVL4:
 105              	.L3:
 196:Drivers/STM32F1xx_HAL_Driver/Src/stm32f1xx_hal_exti.c ****     {
 197:Drivers/STM32F1xx_HAL_Driver/Src/stm32f1xx_hal_exti.c ****       assert_param(IS_EXTI_GPIO_PORT(pExtiConfig->GPIOSel));
 198:Drivers/STM32F1xx_HAL_Driver/Src/stm32f1xx_hal_exti.c ****       assert_param(IS_EXTI_GPIO_PIN(linepos));
 199:Drivers/STM32F1xx_HAL_Driver/Src/stm32f1xx_hal_exti.c ****       
 200:Drivers/STM32F1xx_HAL_Driver/Src/stm32f1xx_hal_exti.c ****       regval = AFIO->EXTICR[linepos >> 2u];
 201:Drivers/STM32F1xx_HAL_Driver/Src/stm32f1xx_hal_exti.c ****       regval &= ~(AFIO_EXTICR1_EXTI0 << (AFIO_EXTICR1_EXTI1_Pos * (linepos & 0x03u)));
 202:Drivers/STM32F1xx_HAL_Driver/Src/stm32f1xx_hal_exti.c ****       regval |= (pExtiConfig->GPIOSel << (AFIO_EXTICR1_EXTI1_Pos * (linepos & 0x03u)));
 203:Drivers/STM32F1xx_HAL_Driver/Src/stm32f1xx_hal_exti.c ****       AFIO->EXTICR[linepos >> 2u] = regval;
 204:Drivers/STM32F1xx_HAL_Driver/Src/stm32f1xx_hal_exti.c ****     }
 205:Drivers/STM32F1xx_HAL_Driver/Src/stm32f1xx_hal_exti.c ****   }
 206:Drivers/STM32F1xx_HAL_Driver/Src/stm32f1xx_hal_exti.c **** 
 207:Drivers/STM32F1xx_HAL_Driver/Src/stm32f1xx_hal_exti.c ****   /* Configure interrupt mode : read current mode */
 208:Drivers/STM32F1xx_HAL_Driver/Src/stm32f1xx_hal_exti.c ****   /* Mask or set line */
 209:Drivers/STM32F1xx_HAL_Driver/Src/stm32f1xx_hal_exti.c ****   if ((pExtiConfig->Mode & EXTI_MODE_INTERRUPT) != 0x00u)
 106              		.loc 1 209 3 is_stmt 1 view .LVU32
 107              		.loc 1 209 19 is_stmt 0 view .LVU33
 108 0048 4B68     		ldr	r3, [r1, #4]
 109              		.loc 1 209 6 view .LVU34
 110 004a 13F0010F 		tst	r3, #1
 111 004e 2DD0     		beq	.L8
 210:Drivers/STM32F1xx_HAL_Driver/Src/stm32f1xx_hal_exti.c ****   {
 211:Drivers/STM32F1xx_HAL_Driver/Src/stm32f1xx_hal_exti.c ****     EXTI->IMR |= maskline;
 112              		.loc 1 211 5 is_stmt 1 view .LVU35
 113              		.loc 1 211 15 is_stmt 0 view .LVU36
 114 0050 1F4A     		ldr	r2, .L18
 115 0052 1368     		ldr	r3, [r2]
 116 0054 0343     		orrs	r3, r3, r0
 117 0056 1360     		str	r3, [r2]
 118              	.L9:
 212:Drivers/STM32F1xx_HAL_Driver/Src/stm32f1xx_hal_exti.c ****   }
 213:Drivers/STM32F1xx_HAL_Driver/Src/stm32f1xx_hal_exti.c ****   else
 214:Drivers/STM32F1xx_HAL_Driver/Src/stm32f1xx_hal_exti.c ****   {
 215:Drivers/STM32F1xx_HAL_Driver/Src/stm32f1xx_hal_exti.c ****     EXTI->IMR &= ~maskline;
 216:Drivers/STM32F1xx_HAL_Driver/Src/stm32f1xx_hal_exti.c ****   }
 217:Drivers/STM32F1xx_HAL_Driver/Src/stm32f1xx_hal_exti.c **** 
 218:Drivers/STM32F1xx_HAL_Driver/Src/stm32f1xx_hal_exti.c ****   /* Configure event mode : read current mode */
 219:Drivers/STM32F1xx_HAL_Driver/Src/stm32f1xx_hal_exti.c ****   /* Mask or set line */
 220:Drivers/STM32F1xx_HAL_Driver/Src/stm32f1xx_hal_exti.c ****   if ((pExtiConfig->Mode & EXTI_MODE_EVENT) != 0x00u)
 119              		.loc 1 220 3 is_stmt 1 view .LVU37
 120              		.loc 1 220 19 is_stmt 0 view .LVU38
 121 0058 4B68     		ldr	r3, [r1, #4]
 122              		.loc 1 220 6 view .LVU39
ARM GAS  /var/folders/ym/jy7bf6t92s9b2wkvjmm02l800000gn/T//cc7ApYGS.s 			page 7


 123 005a 13F0020F 		tst	r3, #2
 124 005e 2BD0     		beq	.L10
 221:Drivers/STM32F1xx_HAL_Driver/Src/stm32f1xx_hal_exti.c ****   {
 222:Drivers/STM32F1xx_HAL_Driver/Src/stm32f1xx_hal_exti.c ****     EXTI->EMR |= maskline;
 125              		.loc 1 222 5 is_stmt 1 view .LVU40
 126              		.loc 1 222 15 is_stmt 0 view .LVU41
 127 0060 1B4A     		ldr	r2, .L18
 128 0062 5368     		ldr	r3, [r2, #4]
 129 0064 0343     		orrs	r3, r3, r0
 130 0066 5360     		str	r3, [r2, #4]
 223:Drivers/STM32F1xx_HAL_Driver/Src/stm32f1xx_hal_exti.c ****   }
 224:Drivers/STM32F1xx_HAL_Driver/Src/stm32f1xx_hal_exti.c ****   else
 225:Drivers/STM32F1xx_HAL_Driver/Src/stm32f1xx_hal_exti.c ****   {
 226:Drivers/STM32F1xx_HAL_Driver/Src/stm32f1xx_hal_exti.c ****     EXTI->EMR &= ~maskline;
 227:Drivers/STM32F1xx_HAL_Driver/Src/stm32f1xx_hal_exti.c ****   }
 228:Drivers/STM32F1xx_HAL_Driver/Src/stm32f1xx_hal_exti.c **** 
 229:Drivers/STM32F1xx_HAL_Driver/Src/stm32f1xx_hal_exti.c ****   return HAL_OK;
 131              		.loc 1 229 10 view .LVU42
 132 0068 0020     		movs	r0, #0
 133              	.LVL5:
 134              	.L2:
 230:Drivers/STM32F1xx_HAL_Driver/Src/stm32f1xx_hal_exti.c **** }
 135              		.loc 1 230 1 view .LVU43
 136 006a 70BC     		pop	{r4, r5, r6}
 137              	.LCFI1:
 138              		.cfi_remember_state
 139              		.cfi_restore 6
 140              		.cfi_restore 5
 141              		.cfi_restore 4
 142              		.cfi_def_cfa_offset 0
 143 006c 7047     		bx	lr
 144              	.LVL6:
 145              	.L4:
 146              	.LCFI2:
 147              		.cfi_restore_state
 179:Drivers/STM32F1xx_HAL_Driver/Src/stm32f1xx_hal_exti.c ****     }
 148              		.loc 1 179 7 is_stmt 1 view .LVU44
 179:Drivers/STM32F1xx_HAL_Driver/Src/stm32f1xx_hal_exti.c ****     }
 149              		.loc 1 179 18 is_stmt 0 view .LVU45
 150 006e 184D     		ldr	r5, .L18
 151 0070 AC68     		ldr	r4, [r5, #8]
 152 0072 24EA0004 		bic	r4, r4, r0
 153 0076 AC60     		str	r4, [r5, #8]
 154 0078 D8E7     		b	.L5
 155              	.L6:
 190:Drivers/STM32F1xx_HAL_Driver/Src/stm32f1xx_hal_exti.c ****     }
 156              		.loc 1 190 7 is_stmt 1 view .LVU46
 190:Drivers/STM32F1xx_HAL_Driver/Src/stm32f1xx_hal_exti.c ****     }
 157              		.loc 1 190 18 is_stmt 0 view .LVU47
 158 007a 154D     		ldr	r5, .L18
 159 007c EC68     		ldr	r4, [r5, #12]
 160 007e 24EA0004 		bic	r4, r4, r0
 161 0082 EC60     		str	r4, [r5, #12]
 162 0084 DAE7     		b	.L7
 163              	.L17:
 197:Drivers/STM32F1xx_HAL_Driver/Src/stm32f1xx_hal_exti.c ****       assert_param(IS_EXTI_GPIO_PIN(linepos));
 164              		.loc 1 197 7 is_stmt 1 view .LVU48
ARM GAS  /var/folders/ym/jy7bf6t92s9b2wkvjmm02l800000gn/T//cc7ApYGS.s 			page 8


 198:Drivers/STM32F1xx_HAL_Driver/Src/stm32f1xx_hal_exti.c ****       
 165              		.loc 1 198 7 view .LVU49
 200:Drivers/STM32F1xx_HAL_Driver/Src/stm32f1xx_hal_exti.c ****       regval &= ~(AFIO_EXTICR1_EXTI0 << (AFIO_EXTICR1_EXTI1_Pos * (linepos & 0x03u)));
 166              		.loc 1 200 7 view .LVU50
 200:Drivers/STM32F1xx_HAL_Driver/Src/stm32f1xx_hal_exti.c ****       regval &= ~(AFIO_EXTICR1_EXTI0 << (AFIO_EXTICR1_EXTI1_Pos * (linepos & 0x03u)));
 167              		.loc 1 200 37 is_stmt 0 view .LVU51
 168 0086 9208     		lsrs	r2, r2, #2
 169              	.LVL7:
 200:Drivers/STM32F1xx_HAL_Driver/Src/stm32f1xx_hal_exti.c ****       regval &= ~(AFIO_EXTICR1_EXTI0 << (AFIO_EXTICR1_EXTI1_Pos * (linepos & 0x03u)));
 170              		.loc 1 200 14 view .LVU52
 171 0088 124E     		ldr	r6, .L18+4
 172 008a 0232     		adds	r2, r2, #2
 173 008c 56F82240 		ldr	r4, [r6, r2, lsl #2]
 174              	.LVL8:
 201:Drivers/STM32F1xx_HAL_Driver/Src/stm32f1xx_hal_exti.c ****       regval |= (pExtiConfig->GPIOSel << (AFIO_EXTICR1_EXTI1_Pos * (linepos & 0x03u)));
 175              		.loc 1 201 7 is_stmt 1 view .LVU53
 201:Drivers/STM32F1xx_HAL_Driver/Src/stm32f1xx_hal_exti.c ****       regval |= (pExtiConfig->GPIOSel << (AFIO_EXTICR1_EXTI1_Pos * (linepos & 0x03u)));
 176              		.loc 1 201 76 is_stmt 0 view .LVU54
 177 0090 03F00303 		and	r3, r3, #3
 178              	.LVL9:
 201:Drivers/STM32F1xx_HAL_Driver/Src/stm32f1xx_hal_exti.c ****       regval |= (pExtiConfig->GPIOSel << (AFIO_EXTICR1_EXTI1_Pos * (linepos & 0x03u)));
 179              		.loc 1 201 65 view .LVU55
 180 0094 9B00     		lsls	r3, r3, #2
 201:Drivers/STM32F1xx_HAL_Driver/Src/stm32f1xx_hal_exti.c ****       regval |= (pExtiConfig->GPIOSel << (AFIO_EXTICR1_EXTI1_Pos * (linepos & 0x03u)));
 181              		.loc 1 201 38 view .LVU56
 182 0096 0F25     		movs	r5, #15
 183 0098 9D40     		lsls	r5, r5, r3
 201:Drivers/STM32F1xx_HAL_Driver/Src/stm32f1xx_hal_exti.c ****       regval |= (pExtiConfig->GPIOSel << (AFIO_EXTICR1_EXTI1_Pos * (linepos & 0x03u)));
 184              		.loc 1 201 14 view .LVU57
 185 009a 24EA0504 		bic	r4, r4, r5
 186              	.LVL10:
 202:Drivers/STM32F1xx_HAL_Driver/Src/stm32f1xx_hal_exti.c ****       AFIO->EXTICR[linepos >> 2u] = regval;
 187              		.loc 1 202 7 is_stmt 1 view .LVU58
 202:Drivers/STM32F1xx_HAL_Driver/Src/stm32f1xx_hal_exti.c ****       AFIO->EXTICR[linepos >> 2u] = regval;
 188              		.loc 1 202 39 is_stmt 0 view .LVU59
 189 009e CD68     		ldr	r5, [r1, #12]
 190 00a0 05FA03F3 		lsl	r3, r5, r3
 202:Drivers/STM32F1xx_HAL_Driver/Src/stm32f1xx_hal_exti.c ****       AFIO->EXTICR[linepos >> 2u] = regval;
 191              		.loc 1 202 14 view .LVU60
 192 00a4 2343     		orrs	r3, r3, r4
 193              	.LVL11:
 203:Drivers/STM32F1xx_HAL_Driver/Src/stm32f1xx_hal_exti.c ****     }
 194              		.loc 1 203 7 is_stmt 1 view .LVU61
 203:Drivers/STM32F1xx_HAL_Driver/Src/stm32f1xx_hal_exti.c ****     }
 195              		.loc 1 203 35 is_stmt 0 view .LVU62
 196 00a6 46F82230 		str	r3, [r6, r2, lsl #2]
 197 00aa CDE7     		b	.L3
 198              	.LVL12:
 199              	.L8:
 215:Drivers/STM32F1xx_HAL_Driver/Src/stm32f1xx_hal_exti.c ****   }
 200              		.loc 1 215 5 is_stmt 1 view .LVU63
 215:Drivers/STM32F1xx_HAL_Driver/Src/stm32f1xx_hal_exti.c ****   }
 201              		.loc 1 215 15 is_stmt 0 view .LVU64
 202 00ac 084A     		ldr	r2, .L18
 203 00ae 1368     		ldr	r3, [r2]
 204 00b0 23EA0003 		bic	r3, r3, r0
 205 00b4 1360     		str	r3, [r2]
ARM GAS  /var/folders/ym/jy7bf6t92s9b2wkvjmm02l800000gn/T//cc7ApYGS.s 			page 9


 206 00b6 CFE7     		b	.L9
 207              	.L10:
 226:Drivers/STM32F1xx_HAL_Driver/Src/stm32f1xx_hal_exti.c ****   }
 208              		.loc 1 226 5 is_stmt 1 view .LVU65
 226:Drivers/STM32F1xx_HAL_Driver/Src/stm32f1xx_hal_exti.c ****   }
 209              		.loc 1 226 15 is_stmt 0 view .LVU66
 210 00b8 054A     		ldr	r2, .L18
 211 00ba 5368     		ldr	r3, [r2, #4]
 212 00bc 23EA0003 		bic	r3, r3, r0
 213 00c0 5360     		str	r3, [r2, #4]
 229:Drivers/STM32F1xx_HAL_Driver/Src/stm32f1xx_hal_exti.c **** }
 214              		.loc 1 229 10 view .LVU67
 215 00c2 0020     		movs	r0, #0
 216              	.LVL13:
 229:Drivers/STM32F1xx_HAL_Driver/Src/stm32f1xx_hal_exti.c **** }
 217              		.loc 1 229 10 view .LVU68
 218 00c4 D1E7     		b	.L2
 219              	.LVL14:
 220              	.L11:
 221              	.LCFI3:
 222              		.cfi_def_cfa_offset 0
 223              		.cfi_restore 4
 224              		.cfi_restore 5
 225              		.cfi_restore 6
 152:Drivers/STM32F1xx_HAL_Driver/Src/stm32f1xx_hal_exti.c ****   }
 226              		.loc 1 152 12 view .LVU69
 227 00c6 0120     		movs	r0, #1
 228              	.LVL15:
 152:Drivers/STM32F1xx_HAL_Driver/Src/stm32f1xx_hal_exti.c ****   }
 229              		.loc 1 152 12 view .LVU70
 230 00c8 7047     		bx	lr
 231              	.LVL16:
 232              	.L12:
 152:Drivers/STM32F1xx_HAL_Driver/Src/stm32f1xx_hal_exti.c ****   }
 233              		.loc 1 152 12 view .LVU71
 234 00ca 0120     		movs	r0, #1
 235              	.LVL17:
 236              		.loc 1 230 1 view .LVU72
 237 00cc 7047     		bx	lr
 238              	.L19:
 239 00ce 00BF     		.align	2
 240              	.L18:
 241 00d0 00040140 		.word	1073808384
 242 00d4 00000140 		.word	1073807360
 243              		.cfi_endproc
 244              	.LFE65:
 246              		.section	.text.HAL_EXTI_GetConfigLine,"ax",%progbits
 247              		.align	1
 248              		.global	HAL_EXTI_GetConfigLine
 249              		.syntax unified
 250              		.thumb
 251              		.thumb_func
 253              	HAL_EXTI_GetConfigLine:
 254              	.LVL18:
 255              	.LFB66:
 231:Drivers/STM32F1xx_HAL_Driver/Src/stm32f1xx_hal_exti.c **** 
 232:Drivers/STM32F1xx_HAL_Driver/Src/stm32f1xx_hal_exti.c **** /**
ARM GAS  /var/folders/ym/jy7bf6t92s9b2wkvjmm02l800000gn/T//cc7ApYGS.s 			page 10


 233:Drivers/STM32F1xx_HAL_Driver/Src/stm32f1xx_hal_exti.c ****   * @brief  Get configuration of a dedicated Exti line.
 234:Drivers/STM32F1xx_HAL_Driver/Src/stm32f1xx_hal_exti.c ****   * @param  hexti Exti handle.
 235:Drivers/STM32F1xx_HAL_Driver/Src/stm32f1xx_hal_exti.c ****   * @param  pExtiConfig Pointer on structure to store Exti configuration.
 236:Drivers/STM32F1xx_HAL_Driver/Src/stm32f1xx_hal_exti.c ****   * @retval HAL Status.
 237:Drivers/STM32F1xx_HAL_Driver/Src/stm32f1xx_hal_exti.c ****   */
 238:Drivers/STM32F1xx_HAL_Driver/Src/stm32f1xx_hal_exti.c **** HAL_StatusTypeDef HAL_EXTI_GetConfigLine(EXTI_HandleTypeDef *hexti, EXTI_ConfigTypeDef *pExtiConfig
 239:Drivers/STM32F1xx_HAL_Driver/Src/stm32f1xx_hal_exti.c **** {
 256              		.loc 1 239 1 is_stmt 1 view -0
 257              		.cfi_startproc
 258              		@ args = 0, pretend = 0, frame = 0
 259              		@ frame_needed = 0, uses_anonymous_args = 0
 260              		@ link register save eliminated.
 240:Drivers/STM32F1xx_HAL_Driver/Src/stm32f1xx_hal_exti.c ****   uint32_t regval;
 261              		.loc 1 240 3 view .LVU74
 241:Drivers/STM32F1xx_HAL_Driver/Src/stm32f1xx_hal_exti.c ****   uint32_t linepos;
 262              		.loc 1 241 3 view .LVU75
 242:Drivers/STM32F1xx_HAL_Driver/Src/stm32f1xx_hal_exti.c ****   uint32_t maskline;
 263              		.loc 1 242 3 view .LVU76
 243:Drivers/STM32F1xx_HAL_Driver/Src/stm32f1xx_hal_exti.c **** 
 244:Drivers/STM32F1xx_HAL_Driver/Src/stm32f1xx_hal_exti.c ****   /* Check null pointer */
 245:Drivers/STM32F1xx_HAL_Driver/Src/stm32f1xx_hal_exti.c ****   if ((hexti == NULL) || (pExtiConfig == NULL))
 264              		.loc 1 245 3 view .LVU77
 265              		.loc 1 245 6 is_stmt 0 view .LVU78
 266 0000 0028     		cmp	r0, #0
 267 0002 48D0     		beq	.L27
 268              		.loc 1 245 23 discriminator 1 view .LVU79
 269 0004 0029     		cmp	r1, #0
 270 0006 48D0     		beq	.L28
 246:Drivers/STM32F1xx_HAL_Driver/Src/stm32f1xx_hal_exti.c ****   {
 247:Drivers/STM32F1xx_HAL_Driver/Src/stm32f1xx_hal_exti.c ****     return HAL_ERROR;
 248:Drivers/STM32F1xx_HAL_Driver/Src/stm32f1xx_hal_exti.c ****   }
 249:Drivers/STM32F1xx_HAL_Driver/Src/stm32f1xx_hal_exti.c **** 
 250:Drivers/STM32F1xx_HAL_Driver/Src/stm32f1xx_hal_exti.c ****   /* Check the parameter */
 251:Drivers/STM32F1xx_HAL_Driver/Src/stm32f1xx_hal_exti.c ****   assert_param(IS_EXTI_LINE(hexti->Line));
 271              		.loc 1 251 3 is_stmt 1 view .LVU80
 252:Drivers/STM32F1xx_HAL_Driver/Src/stm32f1xx_hal_exti.c **** 
 253:Drivers/STM32F1xx_HAL_Driver/Src/stm32f1xx_hal_exti.c ****   /* Store handle line number to configuration structure */
 254:Drivers/STM32F1xx_HAL_Driver/Src/stm32f1xx_hal_exti.c ****   pExtiConfig->Line = hexti->Line;
 272              		.loc 1 254 3 view .LVU81
 273              		.loc 1 254 28 is_stmt 0 view .LVU82
 274 0008 0068     		ldr	r0, [r0]
 275              	.LVL19:
 276              		.loc 1 254 21 view .LVU83
 277 000a 0860     		str	r0, [r1]
 255:Drivers/STM32F1xx_HAL_Driver/Src/stm32f1xx_hal_exti.c **** 
 256:Drivers/STM32F1xx_HAL_Driver/Src/stm32f1xx_hal_exti.c ****   /* Compute line mask */
 257:Drivers/STM32F1xx_HAL_Driver/Src/stm32f1xx_hal_exti.c ****   linepos = (pExtiConfig->Line & EXTI_PIN_MASK);
 278              		.loc 1 257 3 is_stmt 1 view .LVU84
 279              		.loc 1 257 11 is_stmt 0 view .LVU85
 280 000c 00F01F0C 		and	ip, r0, #31
 281              	.LVL20:
 258:Drivers/STM32F1xx_HAL_Driver/Src/stm32f1xx_hal_exti.c ****   maskline = (1uL << linepos);
 282              		.loc 1 258 3 is_stmt 1 view .LVU86
 283              		.loc 1 258 12 is_stmt 0 view .LVU87
 284 0010 0123     		movs	r3, #1
 285 0012 03FA0CF3 		lsl	r3, r3, ip
 286              	.LVL21:
ARM GAS  /var/folders/ym/jy7bf6t92s9b2wkvjmm02l800000gn/T//cc7ApYGS.s 			page 11


 259:Drivers/STM32F1xx_HAL_Driver/Src/stm32f1xx_hal_exti.c **** 
 260:Drivers/STM32F1xx_HAL_Driver/Src/stm32f1xx_hal_exti.c ****   /* 1] Get core mode : interrupt */
 261:Drivers/STM32F1xx_HAL_Driver/Src/stm32f1xx_hal_exti.c **** 
 262:Drivers/STM32F1xx_HAL_Driver/Src/stm32f1xx_hal_exti.c ****   /* Check if selected line is enable */
 263:Drivers/STM32F1xx_HAL_Driver/Src/stm32f1xx_hal_exti.c ****   if ((EXTI->IMR & maskline) != 0x00u)
 287              		.loc 1 263 3 is_stmt 1 view .LVU88
 288              		.loc 1 263 12 is_stmt 0 view .LVU89
 289 0016 234A     		ldr	r2, .L32
 290 0018 1268     		ldr	r2, [r2]
 291              		.loc 1 263 6 view .LVU90
 292 001a 1A42     		tst	r2, r3
 293 001c 27D0     		beq	.L22
 264:Drivers/STM32F1xx_HAL_Driver/Src/stm32f1xx_hal_exti.c ****   {
 265:Drivers/STM32F1xx_HAL_Driver/Src/stm32f1xx_hal_exti.c ****     pExtiConfig->Mode = EXTI_MODE_INTERRUPT;
 294              		.loc 1 265 5 is_stmt 1 view .LVU91
 295              		.loc 1 265 23 is_stmt 0 view .LVU92
 296 001e 0122     		movs	r2, #1
 297 0020 4A60     		str	r2, [r1, #4]
 298              	.L23:
 266:Drivers/STM32F1xx_HAL_Driver/Src/stm32f1xx_hal_exti.c ****   }
 267:Drivers/STM32F1xx_HAL_Driver/Src/stm32f1xx_hal_exti.c ****   else
 268:Drivers/STM32F1xx_HAL_Driver/Src/stm32f1xx_hal_exti.c ****   {
 269:Drivers/STM32F1xx_HAL_Driver/Src/stm32f1xx_hal_exti.c ****     pExtiConfig->Mode = EXTI_MODE_NONE;
 270:Drivers/STM32F1xx_HAL_Driver/Src/stm32f1xx_hal_exti.c ****   }
 271:Drivers/STM32F1xx_HAL_Driver/Src/stm32f1xx_hal_exti.c **** 
 272:Drivers/STM32F1xx_HAL_Driver/Src/stm32f1xx_hal_exti.c ****   /* Get event mode */
 273:Drivers/STM32F1xx_HAL_Driver/Src/stm32f1xx_hal_exti.c ****   /* Check if selected line is enable */
 274:Drivers/STM32F1xx_HAL_Driver/Src/stm32f1xx_hal_exti.c ****   if ((EXTI->EMR & maskline) != 0x00u)
 299              		.loc 1 274 3 is_stmt 1 view .LVU93
 300              		.loc 1 274 12 is_stmt 0 view .LVU94
 301 0022 204A     		ldr	r2, .L32
 302 0024 5268     		ldr	r2, [r2, #4]
 303              		.loc 1 274 6 view .LVU95
 304 0026 1A42     		tst	r2, r3
 305 0028 03D0     		beq	.L24
 275:Drivers/STM32F1xx_HAL_Driver/Src/stm32f1xx_hal_exti.c ****   {
 276:Drivers/STM32F1xx_HAL_Driver/Src/stm32f1xx_hal_exti.c ****     pExtiConfig->Mode |= EXTI_MODE_EVENT;
 306              		.loc 1 276 5 is_stmt 1 view .LVU96
 307              		.loc 1 276 23 is_stmt 0 view .LVU97
 308 002a 4A68     		ldr	r2, [r1, #4]
 309 002c 42F00202 		orr	r2, r2, #2
 310 0030 4A60     		str	r2, [r1, #4]
 311              	.L24:
 277:Drivers/STM32F1xx_HAL_Driver/Src/stm32f1xx_hal_exti.c ****   }
 278:Drivers/STM32F1xx_HAL_Driver/Src/stm32f1xx_hal_exti.c **** 
 279:Drivers/STM32F1xx_HAL_Driver/Src/stm32f1xx_hal_exti.c ****   /* Get default Trigger and GPIOSel configuration */
 280:Drivers/STM32F1xx_HAL_Driver/Src/stm32f1xx_hal_exti.c ****   pExtiConfig->Trigger = EXTI_TRIGGER_NONE;
 312              		.loc 1 280 3 is_stmt 1 view .LVU98
 313              		.loc 1 280 24 is_stmt 0 view .LVU99
 314 0032 0022     		movs	r2, #0
 315 0034 8A60     		str	r2, [r1, #8]
 281:Drivers/STM32F1xx_HAL_Driver/Src/stm32f1xx_hal_exti.c ****   pExtiConfig->GPIOSel = 0x00u;
 316              		.loc 1 281 3 is_stmt 1 view .LVU100
 317              		.loc 1 281 24 is_stmt 0 view .LVU101
 318 0036 CA60     		str	r2, [r1, #12]
 282:Drivers/STM32F1xx_HAL_Driver/Src/stm32f1xx_hal_exti.c **** 
 283:Drivers/STM32F1xx_HAL_Driver/Src/stm32f1xx_hal_exti.c ****   /* 2] Get trigger for configurable lines : rising */
ARM GAS  /var/folders/ym/jy7bf6t92s9b2wkvjmm02l800000gn/T//cc7ApYGS.s 			page 12


 284:Drivers/STM32F1xx_HAL_Driver/Src/stm32f1xx_hal_exti.c ****   if ((pExtiConfig->Line & EXTI_CONFIG) != 0x00u)
 319              		.loc 1 284 3 is_stmt 1 view .LVU102
 320              		.loc 1 284 6 is_stmt 0 view .LVU103
 321 0038 10F0007F 		tst	r0, #33554432
 322 003c 2FD0     		beq	.L29
 285:Drivers/STM32F1xx_HAL_Driver/Src/stm32f1xx_hal_exti.c ****   {
 286:Drivers/STM32F1xx_HAL_Driver/Src/stm32f1xx_hal_exti.c ****     /* Check if configuration of selected line is enable */
 287:Drivers/STM32F1xx_HAL_Driver/Src/stm32f1xx_hal_exti.c ****     if ((EXTI->RTSR & maskline) != 0x00u)
 323              		.loc 1 287 5 is_stmt 1 view .LVU104
 324              		.loc 1 287 14 is_stmt 0 view .LVU105
 325 003e 02F18042 		add	r2, r2, #1073741824
 326 0042 02F58232 		add	r2, r2, #66560
 327 0046 9268     		ldr	r2, [r2, #8]
 328              		.loc 1 287 8 view .LVU106
 329 0048 1A42     		tst	r2, r3
 330 004a 01D0     		beq	.L25
 288:Drivers/STM32F1xx_HAL_Driver/Src/stm32f1xx_hal_exti.c ****     {
 289:Drivers/STM32F1xx_HAL_Driver/Src/stm32f1xx_hal_exti.c ****       pExtiConfig->Trigger = EXTI_TRIGGER_RISING;
 331              		.loc 1 289 7 is_stmt 1 view .LVU107
 332              		.loc 1 289 28 is_stmt 0 view .LVU108
 333 004c 0122     		movs	r2, #1
 334 004e 8A60     		str	r2, [r1, #8]
 335              	.L25:
 290:Drivers/STM32F1xx_HAL_Driver/Src/stm32f1xx_hal_exti.c ****     }
 291:Drivers/STM32F1xx_HAL_Driver/Src/stm32f1xx_hal_exti.c **** 
 292:Drivers/STM32F1xx_HAL_Driver/Src/stm32f1xx_hal_exti.c ****     /* Get falling configuration */
 293:Drivers/STM32F1xx_HAL_Driver/Src/stm32f1xx_hal_exti.c ****     /* Check if configuration of selected line is enable */
 294:Drivers/STM32F1xx_HAL_Driver/Src/stm32f1xx_hal_exti.c ****     if ((EXTI->FTSR & maskline) != 0x00u)
 336              		.loc 1 294 5 is_stmt 1 view .LVU109
 337              		.loc 1 294 14 is_stmt 0 view .LVU110
 338 0050 144A     		ldr	r2, .L32
 339 0052 D268     		ldr	r2, [r2, #12]
 340              		.loc 1 294 8 view .LVU111
 341 0054 1A42     		tst	r2, r3
 342 0056 03D0     		beq	.L26
 295:Drivers/STM32F1xx_HAL_Driver/Src/stm32f1xx_hal_exti.c ****     {
 296:Drivers/STM32F1xx_HAL_Driver/Src/stm32f1xx_hal_exti.c ****       pExtiConfig->Trigger |= EXTI_TRIGGER_FALLING;
 343              		.loc 1 296 7 is_stmt 1 view .LVU112
 344              		.loc 1 296 28 is_stmt 0 view .LVU113
 345 0058 8B68     		ldr	r3, [r1, #8]
 346              	.LVL22:
 347              		.loc 1 296 28 view .LVU114
 348 005a 43F00203 		orr	r3, r3, #2
 349 005e 8B60     		str	r3, [r1, #8]
 350              	.L26:
 297:Drivers/STM32F1xx_HAL_Driver/Src/stm32f1xx_hal_exti.c ****     }
 298:Drivers/STM32F1xx_HAL_Driver/Src/stm32f1xx_hal_exti.c **** 
 299:Drivers/STM32F1xx_HAL_Driver/Src/stm32f1xx_hal_exti.c ****     /* Get Gpio port selection for gpio lines */
 300:Drivers/STM32F1xx_HAL_Driver/Src/stm32f1xx_hal_exti.c ****     if ((pExtiConfig->Line & EXTI_GPIO) == EXTI_GPIO)
 351              		.loc 1 300 5 is_stmt 1 view .LVU115
 352              		.loc 1 300 28 is_stmt 0 view .LVU116
 353 0060 00F0C063 		and	r3, r0, #100663296
 354              		.loc 1 300 8 view .LVU117
 355 0064 B3F1C06F 		cmp	r3, #100663296
 356 0068 04D0     		beq	.L31
 301:Drivers/STM32F1xx_HAL_Driver/Src/stm32f1xx_hal_exti.c ****     {
 302:Drivers/STM32F1xx_HAL_Driver/Src/stm32f1xx_hal_exti.c ****       assert_param(IS_EXTI_GPIO_PIN(linepos));
ARM GAS  /var/folders/ym/jy7bf6t92s9b2wkvjmm02l800000gn/T//cc7ApYGS.s 			page 13


 303:Drivers/STM32F1xx_HAL_Driver/Src/stm32f1xx_hal_exti.c **** 
 304:Drivers/STM32F1xx_HAL_Driver/Src/stm32f1xx_hal_exti.c ****       regval = AFIO->EXTICR[linepos >> 2u];
 305:Drivers/STM32F1xx_HAL_Driver/Src/stm32f1xx_hal_exti.c ****       pExtiConfig->GPIOSel = ((regval << (AFIO_EXTICR1_EXTI1_Pos * (3uL - (linepos & 0x03u)))) >> 2
 306:Drivers/STM32F1xx_HAL_Driver/Src/stm32f1xx_hal_exti.c ****     }
 307:Drivers/STM32F1xx_HAL_Driver/Src/stm32f1xx_hal_exti.c ****   }
 308:Drivers/STM32F1xx_HAL_Driver/Src/stm32f1xx_hal_exti.c **** 
 309:Drivers/STM32F1xx_HAL_Driver/Src/stm32f1xx_hal_exti.c ****   return HAL_OK;
 357              		.loc 1 309 10 view .LVU118
 358 006a 0020     		movs	r0, #0
 310:Drivers/STM32F1xx_HAL_Driver/Src/stm32f1xx_hal_exti.c **** }
 359              		.loc 1 310 1 view .LVU119
 360 006c 7047     		bx	lr
 361              	.LVL23:
 362              	.L22:
 269:Drivers/STM32F1xx_HAL_Driver/Src/stm32f1xx_hal_exti.c ****   }
 363              		.loc 1 269 5 is_stmt 1 view .LVU120
 269:Drivers/STM32F1xx_HAL_Driver/Src/stm32f1xx_hal_exti.c ****   }
 364              		.loc 1 269 23 is_stmt 0 view .LVU121
 365 006e 0022     		movs	r2, #0
 366 0070 4A60     		str	r2, [r1, #4]
 367 0072 D6E7     		b	.L23
 368              	.LVL24:
 369              	.L31:
 302:Drivers/STM32F1xx_HAL_Driver/Src/stm32f1xx_hal_exti.c **** 
 370              		.loc 1 302 7 is_stmt 1 view .LVU122
 304:Drivers/STM32F1xx_HAL_Driver/Src/stm32f1xx_hal_exti.c ****       pExtiConfig->GPIOSel = ((regval << (AFIO_EXTICR1_EXTI1_Pos * (3uL - (linepos & 0x03u)))) >> 2
 371              		.loc 1 304 7 view .LVU123
 304:Drivers/STM32F1xx_HAL_Driver/Src/stm32f1xx_hal_exti.c ****       pExtiConfig->GPIOSel = ((regval << (AFIO_EXTICR1_EXTI1_Pos * (3uL - (linepos & 0x03u)))) >> 2
 372              		.loc 1 304 37 is_stmt 0 view .LVU124
 373 0074 4FEA9C03 		lsr	r3, ip, #2
 304:Drivers/STM32F1xx_HAL_Driver/Src/stm32f1xx_hal_exti.c ****       pExtiConfig->GPIOSel = ((regval << (AFIO_EXTICR1_EXTI1_Pos * (3uL - (linepos & 0x03u)))) >> 2
 374              		.loc 1 304 14 view .LVU125
 375 0078 0233     		adds	r3, r3, #2
 376 007a 0B4A     		ldr	r2, .L32+4
 377 007c 52F82320 		ldr	r2, [r2, r3, lsl #2]
 378              	.LVL25:
 305:Drivers/STM32F1xx_HAL_Driver/Src/stm32f1xx_hal_exti.c ****     }
 379              		.loc 1 305 7 is_stmt 1 view .LVU126
 305:Drivers/STM32F1xx_HAL_Driver/Src/stm32f1xx_hal_exti.c ****     }
 380              		.loc 1 305 73 is_stmt 0 view .LVU127
 381 0080 6FEA0C03 		mvn	r3, ip
 382 0084 03F00303 		and	r3, r3, #3
 305:Drivers/STM32F1xx_HAL_Driver/Src/stm32f1xx_hal_exti.c ****     }
 383              		.loc 1 305 66 view .LVU128
 384 0088 9B00     		lsls	r3, r3, #2
 305:Drivers/STM32F1xx_HAL_Driver/Src/stm32f1xx_hal_exti.c ****     }
 385              		.loc 1 305 39 view .LVU129
 386 008a 02FA03F3 		lsl	r3, r2, r3
 305:Drivers/STM32F1xx_HAL_Driver/Src/stm32f1xx_hal_exti.c ****     }
 387              		.loc 1 305 96 view .LVU130
 388 008e 1B0E     		lsrs	r3, r3, #24
 305:Drivers/STM32F1xx_HAL_Driver/Src/stm32f1xx_hal_exti.c ****     }
 389              		.loc 1 305 28 view .LVU131
 390 0090 CB60     		str	r3, [r1, #12]
 309:Drivers/STM32F1xx_HAL_Driver/Src/stm32f1xx_hal_exti.c **** }
 391              		.loc 1 309 10 view .LVU132
 392 0092 0020     		movs	r0, #0
ARM GAS  /var/folders/ym/jy7bf6t92s9b2wkvjmm02l800000gn/T//cc7ApYGS.s 			page 14


 393 0094 7047     		bx	lr
 394              	.LVL26:
 395              	.L27:
 247:Drivers/STM32F1xx_HAL_Driver/Src/stm32f1xx_hal_exti.c ****   }
 396              		.loc 1 247 12 view .LVU133
 397 0096 0120     		movs	r0, #1
 398              	.LVL27:
 247:Drivers/STM32F1xx_HAL_Driver/Src/stm32f1xx_hal_exti.c ****   }
 399              		.loc 1 247 12 view .LVU134
 400 0098 7047     		bx	lr
 401              	.LVL28:
 402              	.L28:
 247:Drivers/STM32F1xx_HAL_Driver/Src/stm32f1xx_hal_exti.c ****   }
 403              		.loc 1 247 12 view .LVU135
 404 009a 0120     		movs	r0, #1
 405              	.LVL29:
 247:Drivers/STM32F1xx_HAL_Driver/Src/stm32f1xx_hal_exti.c ****   }
 406              		.loc 1 247 12 view .LVU136
 407 009c 7047     		bx	lr
 408              	.LVL30:
 409              	.L29:
 309:Drivers/STM32F1xx_HAL_Driver/Src/stm32f1xx_hal_exti.c **** }
 410              		.loc 1 309 10 view .LVU137
 411 009e 0020     		movs	r0, #0
 412 00a0 7047     		bx	lr
 413              	.L33:
 414 00a2 00BF     		.align	2
 415              	.L32:
 416 00a4 00040140 		.word	1073808384
 417 00a8 00000140 		.word	1073807360
 418              		.cfi_endproc
 419              	.LFE66:
 421              		.section	.text.HAL_EXTI_ClearConfigLine,"ax",%progbits
 422              		.align	1
 423              		.global	HAL_EXTI_ClearConfigLine
 424              		.syntax unified
 425              		.thumb
 426              		.thumb_func
 428              	HAL_EXTI_ClearConfigLine:
 429              	.LVL31:
 430              	.LFB67:
 311:Drivers/STM32F1xx_HAL_Driver/Src/stm32f1xx_hal_exti.c **** 
 312:Drivers/STM32F1xx_HAL_Driver/Src/stm32f1xx_hal_exti.c **** /**
 313:Drivers/STM32F1xx_HAL_Driver/Src/stm32f1xx_hal_exti.c ****   * @brief  Clear whole configuration of a dedicated Exti line.
 314:Drivers/STM32F1xx_HAL_Driver/Src/stm32f1xx_hal_exti.c ****   * @param  hexti Exti handle.
 315:Drivers/STM32F1xx_HAL_Driver/Src/stm32f1xx_hal_exti.c ****   * @retval HAL Status.
 316:Drivers/STM32F1xx_HAL_Driver/Src/stm32f1xx_hal_exti.c ****   */
 317:Drivers/STM32F1xx_HAL_Driver/Src/stm32f1xx_hal_exti.c **** HAL_StatusTypeDef HAL_EXTI_ClearConfigLine(EXTI_HandleTypeDef *hexti)
 318:Drivers/STM32F1xx_HAL_Driver/Src/stm32f1xx_hal_exti.c **** {
 431              		.loc 1 318 1 is_stmt 1 view -0
 432              		.cfi_startproc
 433              		@ args = 0, pretend = 0, frame = 0
 434              		@ frame_needed = 0, uses_anonymous_args = 0
 319:Drivers/STM32F1xx_HAL_Driver/Src/stm32f1xx_hal_exti.c ****   uint32_t regval;
 435              		.loc 1 319 3 view .LVU139
 320:Drivers/STM32F1xx_HAL_Driver/Src/stm32f1xx_hal_exti.c ****   uint32_t linepos;
 436              		.loc 1 320 3 view .LVU140
ARM GAS  /var/folders/ym/jy7bf6t92s9b2wkvjmm02l800000gn/T//cc7ApYGS.s 			page 15


 321:Drivers/STM32F1xx_HAL_Driver/Src/stm32f1xx_hal_exti.c ****   uint32_t maskline;
 437              		.loc 1 321 3 view .LVU141
 322:Drivers/STM32F1xx_HAL_Driver/Src/stm32f1xx_hal_exti.c **** 
 323:Drivers/STM32F1xx_HAL_Driver/Src/stm32f1xx_hal_exti.c ****   /* Check null pointer */
 324:Drivers/STM32F1xx_HAL_Driver/Src/stm32f1xx_hal_exti.c ****   if (hexti == NULL)
 438              		.loc 1 324 3 view .LVU142
 439              		.loc 1 324 6 is_stmt 0 view .LVU143
 440 0000 0028     		cmp	r0, #0
 441 0002 37D0     		beq	.L36
 318:Drivers/STM32F1xx_HAL_Driver/Src/stm32f1xx_hal_exti.c ****   uint32_t regval;
 442              		.loc 1 318 1 view .LVU144
 443 0004 10B5     		push	{r4, lr}
 444              	.LCFI4:
 445              		.cfi_def_cfa_offset 8
 446              		.cfi_offset 4, -8
 447              		.cfi_offset 14, -4
 448 0006 8446     		mov	ip, r0
 325:Drivers/STM32F1xx_HAL_Driver/Src/stm32f1xx_hal_exti.c ****   {
 326:Drivers/STM32F1xx_HAL_Driver/Src/stm32f1xx_hal_exti.c ****     return HAL_ERROR;
 327:Drivers/STM32F1xx_HAL_Driver/Src/stm32f1xx_hal_exti.c ****   }
 328:Drivers/STM32F1xx_HAL_Driver/Src/stm32f1xx_hal_exti.c **** 
 329:Drivers/STM32F1xx_HAL_Driver/Src/stm32f1xx_hal_exti.c ****   /* Check the parameter */
 330:Drivers/STM32F1xx_HAL_Driver/Src/stm32f1xx_hal_exti.c ****   assert_param(IS_EXTI_LINE(hexti->Line));
 449              		.loc 1 330 3 is_stmt 1 view .LVU145
 331:Drivers/STM32F1xx_HAL_Driver/Src/stm32f1xx_hal_exti.c **** 
 332:Drivers/STM32F1xx_HAL_Driver/Src/stm32f1xx_hal_exti.c ****   /* compute line mask */
 333:Drivers/STM32F1xx_HAL_Driver/Src/stm32f1xx_hal_exti.c ****   linepos = (hexti->Line & EXTI_PIN_MASK);
 450              		.loc 1 333 3 view .LVU146
 451              		.loc 1 333 19 is_stmt 0 view .LVU147
 452 0008 0468     		ldr	r4, [r0]
 453              		.loc 1 333 11 view .LVU148
 454 000a 04F01F00 		and	r0, r4, #31
 455              	.LVL32:
 334:Drivers/STM32F1xx_HAL_Driver/Src/stm32f1xx_hal_exti.c ****   maskline = (1uL << linepos);
 456              		.loc 1 334 3 is_stmt 1 view .LVU149
 457              		.loc 1 334 12 is_stmt 0 view .LVU150
 458 000e 0123     		movs	r3, #1
 459 0010 8340     		lsls	r3, r3, r0
 460              	.LVL33:
 335:Drivers/STM32F1xx_HAL_Driver/Src/stm32f1xx_hal_exti.c **** 
 336:Drivers/STM32F1xx_HAL_Driver/Src/stm32f1xx_hal_exti.c ****   /* 1] Clear interrupt mode */
 337:Drivers/STM32F1xx_HAL_Driver/Src/stm32f1xx_hal_exti.c ****   EXTI->IMR = (EXTI->IMR & ~maskline);
 461              		.loc 1 337 3 is_stmt 1 view .LVU151
 462              		.loc 1 337 20 is_stmt 0 view .LVU152
 463 0012 1A4A     		ldr	r2, .L44
 464 0014 1168     		ldr	r1, [r2]
 465              		.loc 1 337 28 view .LVU153
 466 0016 6FEA030E 		mvn	lr, r3
 467              		.loc 1 337 26 view .LVU154
 468 001a 21EA0301 		bic	r1, r1, r3
 469              		.loc 1 337 13 view .LVU155
 470 001e 1160     		str	r1, [r2]
 338:Drivers/STM32F1xx_HAL_Driver/Src/stm32f1xx_hal_exti.c **** 
 339:Drivers/STM32F1xx_HAL_Driver/Src/stm32f1xx_hal_exti.c ****   /* 2] Clear event mode */
 340:Drivers/STM32F1xx_HAL_Driver/Src/stm32f1xx_hal_exti.c ****   EXTI->EMR = (EXTI->EMR & ~maskline);
 471              		.loc 1 340 3 is_stmt 1 view .LVU156
 472              		.loc 1 340 20 is_stmt 0 view .LVU157
ARM GAS  /var/folders/ym/jy7bf6t92s9b2wkvjmm02l800000gn/T//cc7ApYGS.s 			page 16


 473 0020 5168     		ldr	r1, [r2, #4]
 474              		.loc 1 340 26 view .LVU158
 475 0022 21EA0303 		bic	r3, r1, r3
 476              	.LVL34:
 477              		.loc 1 340 13 view .LVU159
 478 0026 5360     		str	r3, [r2, #4]
 341:Drivers/STM32F1xx_HAL_Driver/Src/stm32f1xx_hal_exti.c **** 
 342:Drivers/STM32F1xx_HAL_Driver/Src/stm32f1xx_hal_exti.c ****   /* 3] Clear triggers in case of configurable lines */
 343:Drivers/STM32F1xx_HAL_Driver/Src/stm32f1xx_hal_exti.c ****   if ((hexti->Line & EXTI_CONFIG) != 0x00u)
 479              		.loc 1 343 3 is_stmt 1 view .LVU160
 480              		.loc 1 343 13 is_stmt 0 view .LVU161
 481 0028 DCF80030 		ldr	r3, [ip]
 482              		.loc 1 343 6 view .LVU162
 483 002c 13F0007F 		tst	r3, #33554432
 484 0030 22D0     		beq	.L37
 344:Drivers/STM32F1xx_HAL_Driver/Src/stm32f1xx_hal_exti.c ****   {
 345:Drivers/STM32F1xx_HAL_Driver/Src/stm32f1xx_hal_exti.c ****     EXTI->RTSR = (EXTI->RTSR & ~maskline);
 485              		.loc 1 345 5 is_stmt 1 view .LVU163
 486              		.loc 1 345 23 is_stmt 0 view .LVU164
 487 0032 9368     		ldr	r3, [r2, #8]
 488              		.loc 1 345 30 view .LVU165
 489 0034 0EEA0303 		and	r3, lr, r3
 490              		.loc 1 345 16 view .LVU166
 491 0038 9360     		str	r3, [r2, #8]
 346:Drivers/STM32F1xx_HAL_Driver/Src/stm32f1xx_hal_exti.c ****     EXTI->FTSR = (EXTI->FTSR & ~maskline);
 492              		.loc 1 346 5 is_stmt 1 view .LVU167
 493              		.loc 1 346 23 is_stmt 0 view .LVU168
 494 003a D368     		ldr	r3, [r2, #12]
 495              		.loc 1 346 30 view .LVU169
 496 003c 0EEA0303 		and	r3, lr, r3
 497              		.loc 1 346 16 view .LVU170
 498 0040 D360     		str	r3, [r2, #12]
 347:Drivers/STM32F1xx_HAL_Driver/Src/stm32f1xx_hal_exti.c **** 
 348:Drivers/STM32F1xx_HAL_Driver/Src/stm32f1xx_hal_exti.c ****     /* Get Gpio port selection for gpio lines */
 349:Drivers/STM32F1xx_HAL_Driver/Src/stm32f1xx_hal_exti.c ****     if ((hexti->Line & EXTI_GPIO) == EXTI_GPIO)
 499              		.loc 1 349 5 is_stmt 1 view .LVU171
 500              		.loc 1 349 15 is_stmt 0 view .LVU172
 501 0042 DCF80030 		ldr	r3, [ip]
 502              		.loc 1 349 22 view .LVU173
 503 0046 03F0C063 		and	r3, r3, #100663296
 504              		.loc 1 349 8 view .LVU174
 505 004a B3F1C06F 		cmp	r3, #100663296
 506 004e 01D0     		beq	.L43
 350:Drivers/STM32F1xx_HAL_Driver/Src/stm32f1xx_hal_exti.c ****     {
 351:Drivers/STM32F1xx_HAL_Driver/Src/stm32f1xx_hal_exti.c ****       assert_param(IS_EXTI_GPIO_PIN(linepos));
 352:Drivers/STM32F1xx_HAL_Driver/Src/stm32f1xx_hal_exti.c **** 
 353:Drivers/STM32F1xx_HAL_Driver/Src/stm32f1xx_hal_exti.c ****       regval = AFIO->EXTICR[linepos >> 2u];
 354:Drivers/STM32F1xx_HAL_Driver/Src/stm32f1xx_hal_exti.c ****       regval &= ~(AFIO_EXTICR1_EXTI0 << (AFIO_EXTICR1_EXTI1_Pos * (linepos & 0x03u)));
 355:Drivers/STM32F1xx_HAL_Driver/Src/stm32f1xx_hal_exti.c ****       AFIO->EXTICR[linepos >> 2u] = regval;
 356:Drivers/STM32F1xx_HAL_Driver/Src/stm32f1xx_hal_exti.c ****     }
 357:Drivers/STM32F1xx_HAL_Driver/Src/stm32f1xx_hal_exti.c ****   }
 358:Drivers/STM32F1xx_HAL_Driver/Src/stm32f1xx_hal_exti.c **** 
 359:Drivers/STM32F1xx_HAL_Driver/Src/stm32f1xx_hal_exti.c ****   return HAL_OK;
 507              		.loc 1 359 10 view .LVU175
 508 0050 0020     		movs	r0, #0
 509              	.LVL35:
 510              		.loc 1 359 10 view .LVU176
ARM GAS  /var/folders/ym/jy7bf6t92s9b2wkvjmm02l800000gn/T//cc7ApYGS.s 			page 17


 511 0052 12E0     		b	.L35
 512              	.LVL36:
 513              	.L43:
 351:Drivers/STM32F1xx_HAL_Driver/Src/stm32f1xx_hal_exti.c **** 
 514              		.loc 1 351 7 is_stmt 1 view .LVU177
 353:Drivers/STM32F1xx_HAL_Driver/Src/stm32f1xx_hal_exti.c ****       regval &= ~(AFIO_EXTICR1_EXTI0 << (AFIO_EXTICR1_EXTI1_Pos * (linepos & 0x03u)));
 515              		.loc 1 353 7 view .LVU178
 353:Drivers/STM32F1xx_HAL_Driver/Src/stm32f1xx_hal_exti.c ****       regval &= ~(AFIO_EXTICR1_EXTI0 << (AFIO_EXTICR1_EXTI1_Pos * (linepos & 0x03u)));
 516              		.loc 1 353 37 is_stmt 0 view .LVU179
 517 0054 8008     		lsrs	r0, r0, #2
 518              	.LVL37:
 353:Drivers/STM32F1xx_HAL_Driver/Src/stm32f1xx_hal_exti.c ****       regval &= ~(AFIO_EXTICR1_EXTI0 << (AFIO_EXTICR1_EXTI1_Pos * (linepos & 0x03u)));
 519              		.loc 1 353 14 view .LVU180
 520 0056 0A49     		ldr	r1, .L44+4
 521 0058 0230     		adds	r0, r0, #2
 522 005a 51F82030 		ldr	r3, [r1, r0, lsl #2]
 523              	.LVL38:
 354:Drivers/STM32F1xx_HAL_Driver/Src/stm32f1xx_hal_exti.c ****       AFIO->EXTICR[linepos >> 2u] = regval;
 524              		.loc 1 354 7 is_stmt 1 view .LVU181
 354:Drivers/STM32F1xx_HAL_Driver/Src/stm32f1xx_hal_exti.c ****       AFIO->EXTICR[linepos >> 2u] = regval;
 525              		.loc 1 354 76 is_stmt 0 view .LVU182
 526 005e 04F00304 		and	r4, r4, #3
 527              	.LVL39:
 354:Drivers/STM32F1xx_HAL_Driver/Src/stm32f1xx_hal_exti.c ****       AFIO->EXTICR[linepos >> 2u] = regval;
 528              		.loc 1 354 65 view .LVU183
 529 0062 A400     		lsls	r4, r4, #2
 354:Drivers/STM32F1xx_HAL_Driver/Src/stm32f1xx_hal_exti.c ****       AFIO->EXTICR[linepos >> 2u] = regval;
 530              		.loc 1 354 38 view .LVU184
 531 0064 0F22     		movs	r2, #15
 532 0066 A240     		lsls	r2, r2, r4
 354:Drivers/STM32F1xx_HAL_Driver/Src/stm32f1xx_hal_exti.c ****       AFIO->EXTICR[linepos >> 2u] = regval;
 533              		.loc 1 354 14 view .LVU185
 534 0068 23EA0203 		bic	r3, r3, r2
 535              	.LVL40:
 355:Drivers/STM32F1xx_HAL_Driver/Src/stm32f1xx_hal_exti.c ****     }
 536              		.loc 1 355 7 is_stmt 1 view .LVU186
 355:Drivers/STM32F1xx_HAL_Driver/Src/stm32f1xx_hal_exti.c ****     }
 537              		.loc 1 355 35 is_stmt 0 view .LVU187
 538 006c 41F82030 		str	r3, [r1, r0, lsl #2]
 539              		.loc 1 359 10 view .LVU188
 540 0070 0020     		movs	r0, #0
 541 0072 02E0     		b	.L35
 542              	.LVL41:
 543              	.L36:
 544              	.LCFI5:
 545              		.cfi_def_cfa_offset 0
 546              		.cfi_restore 4
 547              		.cfi_restore 14
 326:Drivers/STM32F1xx_HAL_Driver/Src/stm32f1xx_hal_exti.c ****   }
 548              		.loc 1 326 12 view .LVU189
 549 0074 0120     		movs	r0, #1
 550              	.LVL42:
 360:Drivers/STM32F1xx_HAL_Driver/Src/stm32f1xx_hal_exti.c **** }
 551              		.loc 1 360 1 view .LVU190
 552 0076 7047     		bx	lr
 553              	.LVL43:
 554              	.L37:
ARM GAS  /var/folders/ym/jy7bf6t92s9b2wkvjmm02l800000gn/T//cc7ApYGS.s 			page 18


 555              	.LCFI6:
 556              		.cfi_def_cfa_offset 8
 557              		.cfi_offset 4, -8
 558              		.cfi_offset 14, -4
 359:Drivers/STM32F1xx_HAL_Driver/Src/stm32f1xx_hal_exti.c **** }
 559              		.loc 1 359 10 view .LVU191
 560 0078 0020     		movs	r0, #0
 561              	.LVL44:
 562              	.L35:
 563              		.loc 1 360 1 view .LVU192
 564 007a 10BD     		pop	{r4, pc}
 565              	.L45:
 566              		.align	2
 567              	.L44:
 568 007c 00040140 		.word	1073808384
 569 0080 00000140 		.word	1073807360
 570              		.cfi_endproc
 571              	.LFE67:
 573              		.section	.text.HAL_EXTI_RegisterCallback,"ax",%progbits
 574              		.align	1
 575              		.global	HAL_EXTI_RegisterCallback
 576              		.syntax unified
 577              		.thumb
 578              		.thumb_func
 580              	HAL_EXTI_RegisterCallback:
 581              	.LVL45:
 582              	.LFB68:
 361:Drivers/STM32F1xx_HAL_Driver/Src/stm32f1xx_hal_exti.c **** 
 362:Drivers/STM32F1xx_HAL_Driver/Src/stm32f1xx_hal_exti.c **** /**
 363:Drivers/STM32F1xx_HAL_Driver/Src/stm32f1xx_hal_exti.c ****   * @brief  Register callback for a dedicated Exti line.
 364:Drivers/STM32F1xx_HAL_Driver/Src/stm32f1xx_hal_exti.c ****   * @param  hexti Exti handle.
 365:Drivers/STM32F1xx_HAL_Driver/Src/stm32f1xx_hal_exti.c ****   * @param  CallbackID User callback identifier.
 366:Drivers/STM32F1xx_HAL_Driver/Src/stm32f1xx_hal_exti.c ****   *         This parameter can be one of @arg @ref EXTI_CallbackIDTypeDef values.
 367:Drivers/STM32F1xx_HAL_Driver/Src/stm32f1xx_hal_exti.c ****   * @param  pPendingCbfn function pointer to be stored as callback.
 368:Drivers/STM32F1xx_HAL_Driver/Src/stm32f1xx_hal_exti.c ****   * @retval HAL Status.
 369:Drivers/STM32F1xx_HAL_Driver/Src/stm32f1xx_hal_exti.c ****   */
 370:Drivers/STM32F1xx_HAL_Driver/Src/stm32f1xx_hal_exti.c **** HAL_StatusTypeDef HAL_EXTI_RegisterCallback(EXTI_HandleTypeDef *hexti, EXTI_CallbackIDTypeDef Callb
 371:Drivers/STM32F1xx_HAL_Driver/Src/stm32f1xx_hal_exti.c **** {
 583              		.loc 1 371 1 is_stmt 1 view -0
 584              		.cfi_startproc
 585              		@ args = 0, pretend = 0, frame = 0
 586              		@ frame_needed = 0, uses_anonymous_args = 0
 587              		@ link register save eliminated.
 588              		.loc 1 371 1 is_stmt 0 view .LVU194
 589 0000 0346     		mov	r3, r0
 372:Drivers/STM32F1xx_HAL_Driver/Src/stm32f1xx_hal_exti.c ****   HAL_StatusTypeDef status = HAL_OK;
 590              		.loc 1 372 3 is_stmt 1 view .LVU195
 591              	.LVL46:
 373:Drivers/STM32F1xx_HAL_Driver/Src/stm32f1xx_hal_exti.c **** 
 374:Drivers/STM32F1xx_HAL_Driver/Src/stm32f1xx_hal_exti.c ****   switch (CallbackID)
 592              		.loc 1 374 3 view .LVU196
 593 0002 0846     		mov	r0, r1
 594              	.LVL47:
 595              		.loc 1 374 3 is_stmt 0 view .LVU197
 596 0004 09B9     		cbnz	r1, .L48
 375:Drivers/STM32F1xx_HAL_Driver/Src/stm32f1xx_hal_exti.c ****   {
 376:Drivers/STM32F1xx_HAL_Driver/Src/stm32f1xx_hal_exti.c ****     case  HAL_EXTI_COMMON_CB_ID:
ARM GAS  /var/folders/ym/jy7bf6t92s9b2wkvjmm02l800000gn/T//cc7ApYGS.s 			page 19


 377:Drivers/STM32F1xx_HAL_Driver/Src/stm32f1xx_hal_exti.c ****       hexti->PendingCallback = pPendingCbfn;
 597              		.loc 1 377 7 is_stmt 1 view .LVU198
 598              		.loc 1 377 30 is_stmt 0 view .LVU199
 599 0006 5A60     		str	r2, [r3, #4]
 378:Drivers/STM32F1xx_HAL_Driver/Src/stm32f1xx_hal_exti.c ****       break;
 600              		.loc 1 378 7 is_stmt 1 view .LVU200
 601 0008 7047     		bx	lr
 602              	.L48:
 379:Drivers/STM32F1xx_HAL_Driver/Src/stm32f1xx_hal_exti.c **** 
 380:Drivers/STM32F1xx_HAL_Driver/Src/stm32f1xx_hal_exti.c ****     default:
 381:Drivers/STM32F1xx_HAL_Driver/Src/stm32f1xx_hal_exti.c ****       status = HAL_ERROR;
 603              		.loc 1 381 14 is_stmt 0 view .LVU201
 604 000a 0120     		movs	r0, #1
 605              	.LVL48:
 382:Drivers/STM32F1xx_HAL_Driver/Src/stm32f1xx_hal_exti.c ****       break;
 383:Drivers/STM32F1xx_HAL_Driver/Src/stm32f1xx_hal_exti.c ****   }
 384:Drivers/STM32F1xx_HAL_Driver/Src/stm32f1xx_hal_exti.c **** 
 385:Drivers/STM32F1xx_HAL_Driver/Src/stm32f1xx_hal_exti.c ****   return status;
 606              		.loc 1 385 3 is_stmt 1 view .LVU202
 386:Drivers/STM32F1xx_HAL_Driver/Src/stm32f1xx_hal_exti.c **** }
 607              		.loc 1 386 1 is_stmt 0 view .LVU203
 608 000c 7047     		bx	lr
 609              		.cfi_endproc
 610              	.LFE68:
 612              		.section	.text.HAL_EXTI_GetHandle,"ax",%progbits
 613              		.align	1
 614              		.global	HAL_EXTI_GetHandle
 615              		.syntax unified
 616              		.thumb
 617              		.thumb_func
 619              	HAL_EXTI_GetHandle:
 620              	.LVL49:
 621              	.LFB69:
 387:Drivers/STM32F1xx_HAL_Driver/Src/stm32f1xx_hal_exti.c **** 
 388:Drivers/STM32F1xx_HAL_Driver/Src/stm32f1xx_hal_exti.c **** /**
 389:Drivers/STM32F1xx_HAL_Driver/Src/stm32f1xx_hal_exti.c ****   * @brief  Store line number as handle private field.
 390:Drivers/STM32F1xx_HAL_Driver/Src/stm32f1xx_hal_exti.c ****   * @param  hexti Exti handle.
 391:Drivers/STM32F1xx_HAL_Driver/Src/stm32f1xx_hal_exti.c ****   * @param  ExtiLine Exti line number.
 392:Drivers/STM32F1xx_HAL_Driver/Src/stm32f1xx_hal_exti.c ****   *         This parameter can be from 0 to @ref EXTI_LINE_NB.
 393:Drivers/STM32F1xx_HAL_Driver/Src/stm32f1xx_hal_exti.c ****   * @retval HAL Status.
 394:Drivers/STM32F1xx_HAL_Driver/Src/stm32f1xx_hal_exti.c ****   */
 395:Drivers/STM32F1xx_HAL_Driver/Src/stm32f1xx_hal_exti.c **** HAL_StatusTypeDef HAL_EXTI_GetHandle(EXTI_HandleTypeDef *hexti, uint32_t ExtiLine)
 396:Drivers/STM32F1xx_HAL_Driver/Src/stm32f1xx_hal_exti.c **** {
 622              		.loc 1 396 1 is_stmt 1 view -0
 623              		.cfi_startproc
 624              		@ args = 0, pretend = 0, frame = 0
 625              		@ frame_needed = 0, uses_anonymous_args = 0
 626              		@ link register save eliminated.
 397:Drivers/STM32F1xx_HAL_Driver/Src/stm32f1xx_hal_exti.c ****   /* Check the parameters */
 398:Drivers/STM32F1xx_HAL_Driver/Src/stm32f1xx_hal_exti.c ****   assert_param(IS_EXTI_LINE(ExtiLine));
 627              		.loc 1 398 3 view .LVU205
 399:Drivers/STM32F1xx_HAL_Driver/Src/stm32f1xx_hal_exti.c **** 
 400:Drivers/STM32F1xx_HAL_Driver/Src/stm32f1xx_hal_exti.c ****   /* Check null pointer */
 401:Drivers/STM32F1xx_HAL_Driver/Src/stm32f1xx_hal_exti.c ****   if (hexti == NULL)
 628              		.loc 1 401 3 view .LVU206
 629              		.loc 1 401 6 is_stmt 0 view .LVU207
 630 0000 10B1     		cbz	r0, .L51
ARM GAS  /var/folders/ym/jy7bf6t92s9b2wkvjmm02l800000gn/T//cc7ApYGS.s 			page 20


 402:Drivers/STM32F1xx_HAL_Driver/Src/stm32f1xx_hal_exti.c ****   {
 403:Drivers/STM32F1xx_HAL_Driver/Src/stm32f1xx_hal_exti.c ****     return HAL_ERROR;
 404:Drivers/STM32F1xx_HAL_Driver/Src/stm32f1xx_hal_exti.c ****   }
 405:Drivers/STM32F1xx_HAL_Driver/Src/stm32f1xx_hal_exti.c ****   else
 406:Drivers/STM32F1xx_HAL_Driver/Src/stm32f1xx_hal_exti.c ****   {
 407:Drivers/STM32F1xx_HAL_Driver/Src/stm32f1xx_hal_exti.c ****     /* Store line number as handle private field */
 408:Drivers/STM32F1xx_HAL_Driver/Src/stm32f1xx_hal_exti.c ****     hexti->Line = ExtiLine;
 631              		.loc 1 408 5 is_stmt 1 view .LVU208
 632              		.loc 1 408 17 is_stmt 0 view .LVU209
 633 0002 0160     		str	r1, [r0]
 409:Drivers/STM32F1xx_HAL_Driver/Src/stm32f1xx_hal_exti.c **** 
 410:Drivers/STM32F1xx_HAL_Driver/Src/stm32f1xx_hal_exti.c ****     return HAL_OK;
 634              		.loc 1 410 5 is_stmt 1 view .LVU210
 635              		.loc 1 410 12 is_stmt 0 view .LVU211
 636 0004 0020     		movs	r0, #0
 637              	.LVL50:
 638              		.loc 1 410 12 view .LVU212
 639 0006 7047     		bx	lr
 640              	.LVL51:
 641              	.L51:
 403:Drivers/STM32F1xx_HAL_Driver/Src/stm32f1xx_hal_exti.c ****   }
 642              		.loc 1 403 12 view .LVU213
 643 0008 0120     		movs	r0, #1
 644              	.LVL52:
 411:Drivers/STM32F1xx_HAL_Driver/Src/stm32f1xx_hal_exti.c ****   }
 412:Drivers/STM32F1xx_HAL_Driver/Src/stm32f1xx_hal_exti.c **** }
 645              		.loc 1 412 1 view .LVU214
 646 000a 7047     		bx	lr
 647              		.cfi_endproc
 648              	.LFE69:
 650              		.section	.text.HAL_EXTI_IRQHandler,"ax",%progbits
 651              		.align	1
 652              		.global	HAL_EXTI_IRQHandler
 653              		.syntax unified
 654              		.thumb
 655              		.thumb_func
 657              	HAL_EXTI_IRQHandler:
 658              	.LVL53:
 659              	.LFB70:
 413:Drivers/STM32F1xx_HAL_Driver/Src/stm32f1xx_hal_exti.c **** 
 414:Drivers/STM32F1xx_HAL_Driver/Src/stm32f1xx_hal_exti.c **** /**
 415:Drivers/STM32F1xx_HAL_Driver/Src/stm32f1xx_hal_exti.c ****   * @}
 416:Drivers/STM32F1xx_HAL_Driver/Src/stm32f1xx_hal_exti.c ****   */
 417:Drivers/STM32F1xx_HAL_Driver/Src/stm32f1xx_hal_exti.c **** 
 418:Drivers/STM32F1xx_HAL_Driver/Src/stm32f1xx_hal_exti.c **** /** @addtogroup EXTI_Exported_Functions_Group2
 419:Drivers/STM32F1xx_HAL_Driver/Src/stm32f1xx_hal_exti.c ****   *  @brief EXTI IO functions.
 420:Drivers/STM32F1xx_HAL_Driver/Src/stm32f1xx_hal_exti.c ****   *
 421:Drivers/STM32F1xx_HAL_Driver/Src/stm32f1xx_hal_exti.c **** @verbatim
 422:Drivers/STM32F1xx_HAL_Driver/Src/stm32f1xx_hal_exti.c ****  ===============================================================================
 423:Drivers/STM32F1xx_HAL_Driver/Src/stm32f1xx_hal_exti.c ****                        ##### IO operation functions #####
 424:Drivers/STM32F1xx_HAL_Driver/Src/stm32f1xx_hal_exti.c ****  ===============================================================================
 425:Drivers/STM32F1xx_HAL_Driver/Src/stm32f1xx_hal_exti.c **** 
 426:Drivers/STM32F1xx_HAL_Driver/Src/stm32f1xx_hal_exti.c **** @endverbatim
 427:Drivers/STM32F1xx_HAL_Driver/Src/stm32f1xx_hal_exti.c ****   * @{
 428:Drivers/STM32F1xx_HAL_Driver/Src/stm32f1xx_hal_exti.c ****   */
 429:Drivers/STM32F1xx_HAL_Driver/Src/stm32f1xx_hal_exti.c **** 
 430:Drivers/STM32F1xx_HAL_Driver/Src/stm32f1xx_hal_exti.c **** /**
ARM GAS  /var/folders/ym/jy7bf6t92s9b2wkvjmm02l800000gn/T//cc7ApYGS.s 			page 21


 431:Drivers/STM32F1xx_HAL_Driver/Src/stm32f1xx_hal_exti.c ****   * @brief  Handle EXTI interrupt request.
 432:Drivers/STM32F1xx_HAL_Driver/Src/stm32f1xx_hal_exti.c ****   * @param  hexti Exti handle.
 433:Drivers/STM32F1xx_HAL_Driver/Src/stm32f1xx_hal_exti.c ****   * @retval none.
 434:Drivers/STM32F1xx_HAL_Driver/Src/stm32f1xx_hal_exti.c ****   */
 435:Drivers/STM32F1xx_HAL_Driver/Src/stm32f1xx_hal_exti.c **** void HAL_EXTI_IRQHandler(EXTI_HandleTypeDef *hexti)
 436:Drivers/STM32F1xx_HAL_Driver/Src/stm32f1xx_hal_exti.c **** {
 660              		.loc 1 436 1 is_stmt 1 view -0
 661              		.cfi_startproc
 662              		@ args = 0, pretend = 0, frame = 0
 663              		@ frame_needed = 0, uses_anonymous_args = 0
 664              		.loc 1 436 1 is_stmt 0 view .LVU216
 665 0000 08B5     		push	{r3, lr}
 666              	.LCFI7:
 667              		.cfi_def_cfa_offset 8
 668              		.cfi_offset 3, -8
 669              		.cfi_offset 14, -4
 437:Drivers/STM32F1xx_HAL_Driver/Src/stm32f1xx_hal_exti.c ****   uint32_t regval;
 670              		.loc 1 437 3 is_stmt 1 view .LVU217
 438:Drivers/STM32F1xx_HAL_Driver/Src/stm32f1xx_hal_exti.c ****   uint32_t maskline;
 671              		.loc 1 438 3 view .LVU218
 439:Drivers/STM32F1xx_HAL_Driver/Src/stm32f1xx_hal_exti.c **** 
 440:Drivers/STM32F1xx_HAL_Driver/Src/stm32f1xx_hal_exti.c ****   /* Compute line mask */
 441:Drivers/STM32F1xx_HAL_Driver/Src/stm32f1xx_hal_exti.c ****   maskline = (1uL << (hexti->Line & EXTI_PIN_MASK));
 672              		.loc 1 441 3 view .LVU219
 673              		.loc 1 441 28 is_stmt 0 view .LVU220
 674 0002 0368     		ldr	r3, [r0]
 675              		.loc 1 441 35 view .LVU221
 676 0004 03F01F02 		and	r2, r3, #31
 677              		.loc 1 441 12 view .LVU222
 678 0008 0123     		movs	r3, #1
 679 000a 9340     		lsls	r3, r3, r2
 680              	.LVL54:
 442:Drivers/STM32F1xx_HAL_Driver/Src/stm32f1xx_hal_exti.c **** 
 443:Drivers/STM32F1xx_HAL_Driver/Src/stm32f1xx_hal_exti.c ****   /* Get pending bit  */
 444:Drivers/STM32F1xx_HAL_Driver/Src/stm32f1xx_hal_exti.c ****   regval = (EXTI->PR & maskline);
 681              		.loc 1 444 3 is_stmt 1 view .LVU223
 682              		.loc 1 444 17 is_stmt 0 view .LVU224
 683 000c 044A     		ldr	r2, .L55
 684 000e 5269     		ldr	r2, [r2, #20]
 685              	.LVL55:
 445:Drivers/STM32F1xx_HAL_Driver/Src/stm32f1xx_hal_exti.c ****   if (regval != 0x00u)
 686              		.loc 1 445 3 is_stmt 1 view .LVU225
 687              		.loc 1 445 6 is_stmt 0 view .LVU226
 688 0010 1A42     		tst	r2, r3
 689 0012 04D0     		beq	.L52
 446:Drivers/STM32F1xx_HAL_Driver/Src/stm32f1xx_hal_exti.c ****   {
 447:Drivers/STM32F1xx_HAL_Driver/Src/stm32f1xx_hal_exti.c ****     /* Clear pending bit */
 448:Drivers/STM32F1xx_HAL_Driver/Src/stm32f1xx_hal_exti.c ****     EXTI->PR = maskline;
 690              		.loc 1 448 5 is_stmt 1 view .LVU227
 691              		.loc 1 448 14 is_stmt 0 view .LVU228
 692 0014 024A     		ldr	r2, .L55
 693              	.LVL56:
 694              		.loc 1 448 14 view .LVU229
 695 0016 5361     		str	r3, [r2, #20]
 449:Drivers/STM32F1xx_HAL_Driver/Src/stm32f1xx_hal_exti.c **** 
 450:Drivers/STM32F1xx_HAL_Driver/Src/stm32f1xx_hal_exti.c ****     /* Call callback */
 451:Drivers/STM32F1xx_HAL_Driver/Src/stm32f1xx_hal_exti.c ****     if (hexti->PendingCallback != NULL)
ARM GAS  /var/folders/ym/jy7bf6t92s9b2wkvjmm02l800000gn/T//cc7ApYGS.s 			page 22


 696              		.loc 1 451 5 is_stmt 1 view .LVU230
 697              		.loc 1 451 14 is_stmt 0 view .LVU231
 698 0018 4368     		ldr	r3, [r0, #4]
 699              	.LVL57:
 700              		.loc 1 451 8 view .LVU232
 701 001a 03B1     		cbz	r3, .L52
 452:Drivers/STM32F1xx_HAL_Driver/Src/stm32f1xx_hal_exti.c ****     {
 453:Drivers/STM32F1xx_HAL_Driver/Src/stm32f1xx_hal_exti.c ****       hexti->PendingCallback();
 702              		.loc 1 453 7 is_stmt 1 view .LVU233
 703 001c 9847     		blx	r3
 704              	.LVL58:
 705              	.L52:
 454:Drivers/STM32F1xx_HAL_Driver/Src/stm32f1xx_hal_exti.c ****     }
 455:Drivers/STM32F1xx_HAL_Driver/Src/stm32f1xx_hal_exti.c ****   }
 456:Drivers/STM32F1xx_HAL_Driver/Src/stm32f1xx_hal_exti.c **** }
 706              		.loc 1 456 1 is_stmt 0 view .LVU234
 707 001e 08BD     		pop	{r3, pc}
 708              	.L56:
 709              		.align	2
 710              	.L55:
 711 0020 00040140 		.word	1073808384
 712              		.cfi_endproc
 713              	.LFE70:
 715              		.section	.text.HAL_EXTI_GetPending,"ax",%progbits
 716              		.align	1
 717              		.global	HAL_EXTI_GetPending
 718              		.syntax unified
 719              		.thumb
 720              		.thumb_func
 722              	HAL_EXTI_GetPending:
 723              	.LVL59:
 724              	.LFB71:
 457:Drivers/STM32F1xx_HAL_Driver/Src/stm32f1xx_hal_exti.c **** 
 458:Drivers/STM32F1xx_HAL_Driver/Src/stm32f1xx_hal_exti.c **** /**
 459:Drivers/STM32F1xx_HAL_Driver/Src/stm32f1xx_hal_exti.c ****   * @brief  Get interrupt pending bit of a dedicated line.
 460:Drivers/STM32F1xx_HAL_Driver/Src/stm32f1xx_hal_exti.c ****   * @param  hexti Exti handle.
 461:Drivers/STM32F1xx_HAL_Driver/Src/stm32f1xx_hal_exti.c ****   * @param  Edge Specify which pending edge as to be checked.
 462:Drivers/STM32F1xx_HAL_Driver/Src/stm32f1xx_hal_exti.c ****   *         This parameter can be one of the following values:
 463:Drivers/STM32F1xx_HAL_Driver/Src/stm32f1xx_hal_exti.c ****   *           @arg @ref EXTI_TRIGGER_RISING_FALLING
 464:Drivers/STM32F1xx_HAL_Driver/Src/stm32f1xx_hal_exti.c ****   *         This parameter is kept for compatibility with other series.
 465:Drivers/STM32F1xx_HAL_Driver/Src/stm32f1xx_hal_exti.c ****   * @retval 1 if interrupt is pending else 0.
 466:Drivers/STM32F1xx_HAL_Driver/Src/stm32f1xx_hal_exti.c ****   */
 467:Drivers/STM32F1xx_HAL_Driver/Src/stm32f1xx_hal_exti.c **** uint32_t HAL_EXTI_GetPending(EXTI_HandleTypeDef *hexti, uint32_t Edge)
 468:Drivers/STM32F1xx_HAL_Driver/Src/stm32f1xx_hal_exti.c **** {
 725              		.loc 1 468 1 is_stmt 1 view -0
 726              		.cfi_startproc
 727              		@ args = 0, pretend = 0, frame = 0
 728              		@ frame_needed = 0, uses_anonymous_args = 0
 729              		@ link register save eliminated.
 469:Drivers/STM32F1xx_HAL_Driver/Src/stm32f1xx_hal_exti.c ****   uint32_t regval;
 730              		.loc 1 469 3 view .LVU236
 470:Drivers/STM32F1xx_HAL_Driver/Src/stm32f1xx_hal_exti.c ****   uint32_t maskline;
 731              		.loc 1 470 3 view .LVU237
 471:Drivers/STM32F1xx_HAL_Driver/Src/stm32f1xx_hal_exti.c ****   uint32_t linepos;
 732              		.loc 1 471 3 view .LVU238
 472:Drivers/STM32F1xx_HAL_Driver/Src/stm32f1xx_hal_exti.c **** 
 473:Drivers/STM32F1xx_HAL_Driver/Src/stm32f1xx_hal_exti.c ****   /* Check parameters */
ARM GAS  /var/folders/ym/jy7bf6t92s9b2wkvjmm02l800000gn/T//cc7ApYGS.s 			page 23


 474:Drivers/STM32F1xx_HAL_Driver/Src/stm32f1xx_hal_exti.c ****   assert_param(IS_EXTI_LINE(hexti->Line));
 733              		.loc 1 474 3 view .LVU239
 475:Drivers/STM32F1xx_HAL_Driver/Src/stm32f1xx_hal_exti.c ****   assert_param(IS_EXTI_CONFIG_LINE(hexti->Line));
 734              		.loc 1 475 3 view .LVU240
 476:Drivers/STM32F1xx_HAL_Driver/Src/stm32f1xx_hal_exti.c ****   assert_param(IS_EXTI_PENDING_EDGE(Edge));
 735              		.loc 1 476 3 view .LVU241
 477:Drivers/STM32F1xx_HAL_Driver/Src/stm32f1xx_hal_exti.c **** 
 478:Drivers/STM32F1xx_HAL_Driver/Src/stm32f1xx_hal_exti.c ****   /* Prevent unused argument compilation warning */
 479:Drivers/STM32F1xx_HAL_Driver/Src/stm32f1xx_hal_exti.c ****   UNUSED(Edge);
 736              		.loc 1 479 3 view .LVU242
 480:Drivers/STM32F1xx_HAL_Driver/Src/stm32f1xx_hal_exti.c **** 
 481:Drivers/STM32F1xx_HAL_Driver/Src/stm32f1xx_hal_exti.c ****   /* Compute line mask */
 482:Drivers/STM32F1xx_HAL_Driver/Src/stm32f1xx_hal_exti.c ****   linepos = (hexti->Line & EXTI_PIN_MASK);
 737              		.loc 1 482 3 view .LVU243
 738              		.loc 1 482 19 is_stmt 0 view .LVU244
 739 0000 0368     		ldr	r3, [r0]
 740              		.loc 1 482 11 view .LVU245
 741 0002 03F01F03 		and	r3, r3, #31
 742              	.LVL60:
 483:Drivers/STM32F1xx_HAL_Driver/Src/stm32f1xx_hal_exti.c ****   maskline = (1uL << linepos);
 743              		.loc 1 483 3 is_stmt 1 view .LVU246
 744              		.loc 1 483 12 is_stmt 0 view .LVU247
 745 0006 0122     		movs	r2, #1
 746 0008 9A40     		lsls	r2, r2, r3
 747              	.LVL61:
 484:Drivers/STM32F1xx_HAL_Driver/Src/stm32f1xx_hal_exti.c **** 
 485:Drivers/STM32F1xx_HAL_Driver/Src/stm32f1xx_hal_exti.c ****   /* return 1 if bit is set else 0 */
 486:Drivers/STM32F1xx_HAL_Driver/Src/stm32f1xx_hal_exti.c ****   regval = ((EXTI->PR & maskline) >> linepos);
 748              		.loc 1 486 3 is_stmt 1 view .LVU248
 749              		.loc 1 486 18 is_stmt 0 view .LVU249
 750 000a 0249     		ldr	r1, .L58
 751              	.LVL62:
 752              		.loc 1 486 18 view .LVU250
 753 000c 4869     		ldr	r0, [r1, #20]
 754              	.LVL63:
 755              		.loc 1 486 23 view .LVU251
 756 000e 1040     		ands	r0, r0, r2
 757              	.LVL64:
 487:Drivers/STM32F1xx_HAL_Driver/Src/stm32f1xx_hal_exti.c ****   return regval;
 758              		.loc 1 487 3 is_stmt 1 view .LVU252
 488:Drivers/STM32F1xx_HAL_Driver/Src/stm32f1xx_hal_exti.c **** }
 759              		.loc 1 488 1 is_stmt 0 view .LVU253
 760 0010 D840     		lsrs	r0, r0, r3
 761              	.LVL65:
 762              		.loc 1 488 1 view .LVU254
 763 0012 7047     		bx	lr
 764              	.L59:
 765              		.align	2
 766              	.L58:
 767 0014 00040140 		.word	1073808384
 768              		.cfi_endproc
 769              	.LFE71:
 771              		.section	.text.HAL_EXTI_ClearPending,"ax",%progbits
 772              		.align	1
 773              		.global	HAL_EXTI_ClearPending
 774              		.syntax unified
 775              		.thumb
ARM GAS  /var/folders/ym/jy7bf6t92s9b2wkvjmm02l800000gn/T//cc7ApYGS.s 			page 24


 776              		.thumb_func
 778              	HAL_EXTI_ClearPending:
 779              	.LVL66:
 780              	.LFB72:
 489:Drivers/STM32F1xx_HAL_Driver/Src/stm32f1xx_hal_exti.c **** 
 490:Drivers/STM32F1xx_HAL_Driver/Src/stm32f1xx_hal_exti.c **** /**
 491:Drivers/STM32F1xx_HAL_Driver/Src/stm32f1xx_hal_exti.c ****   * @brief  Clear interrupt pending bit of a dedicated line.
 492:Drivers/STM32F1xx_HAL_Driver/Src/stm32f1xx_hal_exti.c ****   * @param  hexti Exti handle.
 493:Drivers/STM32F1xx_HAL_Driver/Src/stm32f1xx_hal_exti.c ****   * @param  Edge Specify which pending edge as to be clear.
 494:Drivers/STM32F1xx_HAL_Driver/Src/stm32f1xx_hal_exti.c ****   *         This parameter can be one of the following values:
 495:Drivers/STM32F1xx_HAL_Driver/Src/stm32f1xx_hal_exti.c ****   *           @arg @ref EXTI_TRIGGER_RISING_FALLING
 496:Drivers/STM32F1xx_HAL_Driver/Src/stm32f1xx_hal_exti.c ****   *         This parameter is kept for compatibility with other series.
 497:Drivers/STM32F1xx_HAL_Driver/Src/stm32f1xx_hal_exti.c ****   * @retval None.
 498:Drivers/STM32F1xx_HAL_Driver/Src/stm32f1xx_hal_exti.c ****   */
 499:Drivers/STM32F1xx_HAL_Driver/Src/stm32f1xx_hal_exti.c **** void HAL_EXTI_ClearPending(EXTI_HandleTypeDef *hexti, uint32_t Edge)
 500:Drivers/STM32F1xx_HAL_Driver/Src/stm32f1xx_hal_exti.c **** {
 781              		.loc 1 500 1 is_stmt 1 view -0
 782              		.cfi_startproc
 783              		@ args = 0, pretend = 0, frame = 0
 784              		@ frame_needed = 0, uses_anonymous_args = 0
 785              		@ link register save eliminated.
 501:Drivers/STM32F1xx_HAL_Driver/Src/stm32f1xx_hal_exti.c ****   uint32_t maskline;
 786              		.loc 1 501 3 view .LVU256
 502:Drivers/STM32F1xx_HAL_Driver/Src/stm32f1xx_hal_exti.c **** 
 503:Drivers/STM32F1xx_HAL_Driver/Src/stm32f1xx_hal_exti.c ****   /* Check parameters */
 504:Drivers/STM32F1xx_HAL_Driver/Src/stm32f1xx_hal_exti.c ****   assert_param(IS_EXTI_LINE(hexti->Line));
 787              		.loc 1 504 3 view .LVU257
 505:Drivers/STM32F1xx_HAL_Driver/Src/stm32f1xx_hal_exti.c ****   assert_param(IS_EXTI_CONFIG_LINE(hexti->Line));
 788              		.loc 1 505 3 view .LVU258
 506:Drivers/STM32F1xx_HAL_Driver/Src/stm32f1xx_hal_exti.c ****   assert_param(IS_EXTI_PENDING_EDGE(Edge));
 789              		.loc 1 506 3 view .LVU259
 507:Drivers/STM32F1xx_HAL_Driver/Src/stm32f1xx_hal_exti.c **** 
 508:Drivers/STM32F1xx_HAL_Driver/Src/stm32f1xx_hal_exti.c ****   /* Prevent unused argument compilation warning */
 509:Drivers/STM32F1xx_HAL_Driver/Src/stm32f1xx_hal_exti.c ****   UNUSED(Edge);
 790              		.loc 1 509 3 view .LVU260
 510:Drivers/STM32F1xx_HAL_Driver/Src/stm32f1xx_hal_exti.c **** 
 511:Drivers/STM32F1xx_HAL_Driver/Src/stm32f1xx_hal_exti.c ****   /* Compute line mask */
 512:Drivers/STM32F1xx_HAL_Driver/Src/stm32f1xx_hal_exti.c ****   maskline = (1uL << (hexti->Line & EXTI_PIN_MASK));
 791              		.loc 1 512 3 view .LVU261
 792              		.loc 1 512 28 is_stmt 0 view .LVU262
 793 0000 0268     		ldr	r2, [r0]
 794              		.loc 1 512 35 view .LVU263
 795 0002 02F01F02 		and	r2, r2, #31
 796              		.loc 1 512 12 view .LVU264
 797 0006 0123     		movs	r3, #1
 798 0008 9340     		lsls	r3, r3, r2
 799              	.LVL67:
 513:Drivers/STM32F1xx_HAL_Driver/Src/stm32f1xx_hal_exti.c **** 
 514:Drivers/STM32F1xx_HAL_Driver/Src/stm32f1xx_hal_exti.c ****   /* Clear Pending bit */
 515:Drivers/STM32F1xx_HAL_Driver/Src/stm32f1xx_hal_exti.c ****   EXTI->PR =  maskline;
 800              		.loc 1 515 3 is_stmt 1 view .LVU265
 801              		.loc 1 515 12 is_stmt 0 view .LVU266
 802 000a 014A     		ldr	r2, .L61
 803 000c 5361     		str	r3, [r2, #20]
 516:Drivers/STM32F1xx_HAL_Driver/Src/stm32f1xx_hal_exti.c **** }
 804              		.loc 1 516 1 view .LVU267
 805 000e 7047     		bx	lr
ARM GAS  /var/folders/ym/jy7bf6t92s9b2wkvjmm02l800000gn/T//cc7ApYGS.s 			page 25


 806              	.L62:
 807              		.align	2
 808              	.L61:
 809 0010 00040140 		.word	1073808384
 810              		.cfi_endproc
 811              	.LFE72:
 813              		.section	.text.HAL_EXTI_GenerateSWI,"ax",%progbits
 814              		.align	1
 815              		.global	HAL_EXTI_GenerateSWI
 816              		.syntax unified
 817              		.thumb
 818              		.thumb_func
 820              	HAL_EXTI_GenerateSWI:
 821              	.LVL68:
 822              	.LFB73:
 517:Drivers/STM32F1xx_HAL_Driver/Src/stm32f1xx_hal_exti.c **** 
 518:Drivers/STM32F1xx_HAL_Driver/Src/stm32f1xx_hal_exti.c **** /**
 519:Drivers/STM32F1xx_HAL_Driver/Src/stm32f1xx_hal_exti.c ****   * @brief  Generate a software interrupt for a dedicated line.
 520:Drivers/STM32F1xx_HAL_Driver/Src/stm32f1xx_hal_exti.c ****   * @param  hexti Exti handle.
 521:Drivers/STM32F1xx_HAL_Driver/Src/stm32f1xx_hal_exti.c ****   * @retval None.
 522:Drivers/STM32F1xx_HAL_Driver/Src/stm32f1xx_hal_exti.c ****   */
 523:Drivers/STM32F1xx_HAL_Driver/Src/stm32f1xx_hal_exti.c **** void HAL_EXTI_GenerateSWI(EXTI_HandleTypeDef *hexti)
 524:Drivers/STM32F1xx_HAL_Driver/Src/stm32f1xx_hal_exti.c **** {
 823              		.loc 1 524 1 is_stmt 1 view -0
 824              		.cfi_startproc
 825              		@ args = 0, pretend = 0, frame = 0
 826              		@ frame_needed = 0, uses_anonymous_args = 0
 827              		@ link register save eliminated.
 525:Drivers/STM32F1xx_HAL_Driver/Src/stm32f1xx_hal_exti.c ****   uint32_t maskline;
 828              		.loc 1 525 3 view .LVU269
 526:Drivers/STM32F1xx_HAL_Driver/Src/stm32f1xx_hal_exti.c **** 
 527:Drivers/STM32F1xx_HAL_Driver/Src/stm32f1xx_hal_exti.c ****   /* Check parameters */
 528:Drivers/STM32F1xx_HAL_Driver/Src/stm32f1xx_hal_exti.c ****   assert_param(IS_EXTI_LINE(hexti->Line));
 829              		.loc 1 528 3 view .LVU270
 529:Drivers/STM32F1xx_HAL_Driver/Src/stm32f1xx_hal_exti.c ****   assert_param(IS_EXTI_CONFIG_LINE(hexti->Line));
 830              		.loc 1 529 3 view .LVU271
 530:Drivers/STM32F1xx_HAL_Driver/Src/stm32f1xx_hal_exti.c **** 
 531:Drivers/STM32F1xx_HAL_Driver/Src/stm32f1xx_hal_exti.c ****   /* Compute line mask */
 532:Drivers/STM32F1xx_HAL_Driver/Src/stm32f1xx_hal_exti.c ****   maskline = (1uL << (hexti->Line & EXTI_PIN_MASK));
 831              		.loc 1 532 3 view .LVU272
 832              		.loc 1 532 28 is_stmt 0 view .LVU273
 833 0000 0268     		ldr	r2, [r0]
 834              		.loc 1 532 35 view .LVU274
 835 0002 02F01F02 		and	r2, r2, #31
 836              		.loc 1 532 12 view .LVU275
 837 0006 0123     		movs	r3, #1
 838 0008 9340     		lsls	r3, r3, r2
 839              	.LVL69:
 533:Drivers/STM32F1xx_HAL_Driver/Src/stm32f1xx_hal_exti.c **** 
 534:Drivers/STM32F1xx_HAL_Driver/Src/stm32f1xx_hal_exti.c ****   /* Generate Software interrupt */
 535:Drivers/STM32F1xx_HAL_Driver/Src/stm32f1xx_hal_exti.c ****   EXTI->SWIER = maskline;
 840              		.loc 1 535 3 is_stmt 1 view .LVU276
 841              		.loc 1 535 15 is_stmt 0 view .LVU277
 842 000a 014A     		ldr	r2, .L64
 843 000c 1361     		str	r3, [r2, #16]
 536:Drivers/STM32F1xx_HAL_Driver/Src/stm32f1xx_hal_exti.c **** }
 844              		.loc 1 536 1 view .LVU278
ARM GAS  /var/folders/ym/jy7bf6t92s9b2wkvjmm02l800000gn/T//cc7ApYGS.s 			page 26


 845 000e 7047     		bx	lr
 846              	.L65:
 847              		.align	2
 848              	.L64:
 849 0010 00040140 		.word	1073808384
 850              		.cfi_endproc
 851              	.LFE73:
 853              		.text
 854              	.Letext0:
 855              		.file 2 "/Applications/ARM/arm-none-eabi/include/machine/_default_types.h"
 856              		.file 3 "/Applications/ARM/arm-none-eabi/include/sys/_stdint.h"
 857              		.file 4 "Drivers/CMSIS/Device/ST/STM32F1xx/Include/stm32f103xb.h"
 858              		.file 5 "Drivers/STM32F1xx_HAL_Driver/Inc/stm32f1xx_hal_def.h"
 859              		.file 6 "Drivers/STM32F1xx_HAL_Driver/Inc/stm32f1xx_hal_exti.h"
ARM GAS  /var/folders/ym/jy7bf6t92s9b2wkvjmm02l800000gn/T//cc7ApYGS.s 			page 27


DEFINED SYMBOLS
                            *ABS*:0000000000000000 stm32f1xx_hal_exti.c
/var/folders/ym/jy7bf6t92s9b2wkvjmm02l800000gn/T//cc7ApYGS.s:18     .text.HAL_EXTI_SetConfigLine:0000000000000000 $t
/var/folders/ym/jy7bf6t92s9b2wkvjmm02l800000gn/T//cc7ApYGS.s:24     .text.HAL_EXTI_SetConfigLine:0000000000000000 HAL_EXTI_SetConfigLine
/var/folders/ym/jy7bf6t92s9b2wkvjmm02l800000gn/T//cc7ApYGS.s:241    .text.HAL_EXTI_SetConfigLine:00000000000000d0 $d
/var/folders/ym/jy7bf6t92s9b2wkvjmm02l800000gn/T//cc7ApYGS.s:247    .text.HAL_EXTI_GetConfigLine:0000000000000000 $t
/var/folders/ym/jy7bf6t92s9b2wkvjmm02l800000gn/T//cc7ApYGS.s:253    .text.HAL_EXTI_GetConfigLine:0000000000000000 HAL_EXTI_GetConfigLine
/var/folders/ym/jy7bf6t92s9b2wkvjmm02l800000gn/T//cc7ApYGS.s:416    .text.HAL_EXTI_GetConfigLine:00000000000000a4 $d
/var/folders/ym/jy7bf6t92s9b2wkvjmm02l800000gn/T//cc7ApYGS.s:422    .text.HAL_EXTI_ClearConfigLine:0000000000000000 $t
/var/folders/ym/jy7bf6t92s9b2wkvjmm02l800000gn/T//cc7ApYGS.s:428    .text.HAL_EXTI_ClearConfigLine:0000000000000000 HAL_EXTI_ClearConfigLine
/var/folders/ym/jy7bf6t92s9b2wkvjmm02l800000gn/T//cc7ApYGS.s:568    .text.HAL_EXTI_ClearConfigLine:000000000000007c $d
/var/folders/ym/jy7bf6t92s9b2wkvjmm02l800000gn/T//cc7ApYGS.s:574    .text.HAL_EXTI_RegisterCallback:0000000000000000 $t
/var/folders/ym/jy7bf6t92s9b2wkvjmm02l800000gn/T//cc7ApYGS.s:580    .text.HAL_EXTI_RegisterCallback:0000000000000000 HAL_EXTI_RegisterCallback
/var/folders/ym/jy7bf6t92s9b2wkvjmm02l800000gn/T//cc7ApYGS.s:613    .text.HAL_EXTI_GetHandle:0000000000000000 $t
/var/folders/ym/jy7bf6t92s9b2wkvjmm02l800000gn/T//cc7ApYGS.s:619    .text.HAL_EXTI_GetHandle:0000000000000000 HAL_EXTI_GetHandle
/var/folders/ym/jy7bf6t92s9b2wkvjmm02l800000gn/T//cc7ApYGS.s:651    .text.HAL_EXTI_IRQHandler:0000000000000000 $t
/var/folders/ym/jy7bf6t92s9b2wkvjmm02l800000gn/T//cc7ApYGS.s:657    .text.HAL_EXTI_IRQHandler:0000000000000000 HAL_EXTI_IRQHandler
/var/folders/ym/jy7bf6t92s9b2wkvjmm02l800000gn/T//cc7ApYGS.s:711    .text.HAL_EXTI_IRQHandler:0000000000000020 $d
/var/folders/ym/jy7bf6t92s9b2wkvjmm02l800000gn/T//cc7ApYGS.s:716    .text.HAL_EXTI_GetPending:0000000000000000 $t
/var/folders/ym/jy7bf6t92s9b2wkvjmm02l800000gn/T//cc7ApYGS.s:722    .text.HAL_EXTI_GetPending:0000000000000000 HAL_EXTI_GetPending
/var/folders/ym/jy7bf6t92s9b2wkvjmm02l800000gn/T//cc7ApYGS.s:767    .text.HAL_EXTI_GetPending:0000000000000014 $d
/var/folders/ym/jy7bf6t92s9b2wkvjmm02l800000gn/T//cc7ApYGS.s:772    .text.HAL_EXTI_ClearPending:0000000000000000 $t
/var/folders/ym/jy7bf6t92s9b2wkvjmm02l800000gn/T//cc7ApYGS.s:778    .text.HAL_EXTI_ClearPending:0000000000000000 HAL_EXTI_ClearPending
/var/folders/ym/jy7bf6t92s9b2wkvjmm02l800000gn/T//cc7ApYGS.s:809    .text.HAL_EXTI_ClearPending:0000000000000010 $d
/var/folders/ym/jy7bf6t92s9b2wkvjmm02l800000gn/T//cc7ApYGS.s:814    .text.HAL_EXTI_GenerateSWI:0000000000000000 $t
/var/folders/ym/jy7bf6t92s9b2wkvjmm02l800000gn/T//cc7ApYGS.s:820    .text.HAL_EXTI_GenerateSWI:0000000000000000 HAL_EXTI_GenerateSWI
/var/folders/ym/jy7bf6t92s9b2wkvjmm02l800000gn/T//cc7ApYGS.s:849    .text.HAL_EXTI_GenerateSWI:0000000000000010 $d

NO UNDEFINED SYMBOLS
